{"D:\\Proyectos VS CODE\\Cielo_Estrellado\\Cielo-Estrellado-v3\\frontend\\src\\components\\economy\\DailyRewardModal.tsx": {"path":"D:\\Proyectos VS CODE\\Cielo_Estrellado\\Cielo-Estrellado-v3\\frontend\\src\\components\\economy\\DailyRewardModal.tsx","statementMap":{"0":{"start":{"line":19,"column":16},"end":{"line":19,"column":null}},"1":{"start":{"line":21,"column":2},"end":{"line":155,"column":null}},"2":{"start":{"line":41,"column":26},"end":{"line":41,"column":null}}},"fnMap":{"0":{"name":"DailyRewardModal","decl":{"start":{"line":18,"column":16},"end":{"line":18,"column":33}},"loc":{"start":{"line":18,"column":94},"end":{"line":157,"column":null}},"line":18},"1":{"name":"(anonymous_1)","decl":{"start":{"line":41,"column":19},"end":{"line":41,"column":20}},"loc":{"start":{"line":41,"column":26},"end":{"line":41,"column":null}},"line":41}},"branchMap":{"0":{"loc":{"start":{"line":88,"column":11},"end":{"line":96,"column":null}},"type":"binary-expr","locations":[{"start":{"line":88,"column":11},"end":{"line":88,"column":33}},{"start":{"line":88,"column":33},"end":{"line":88,"column":null}},{"start":{"line":89,"column":12},"end":{"line":96,"column":null}}],"line":88},"1":{"loc":{"start":{"line":110,"column":13},"end":{"line":118,"column":null}},"type":"binary-expr","locations":[{"start":{"line":110,"column":13},"end":{"line":110,"column":null}},{"start":{"line":111,"column":14},"end":{"line":118,"column":null}}],"line":110},"2":{"loc":{"start":{"line":121,"column":13},"end":{"line":129,"column":null}},"type":"binary-expr","locations":[{"start":{"line":121,"column":13},"end":{"line":121,"column":null}},{"start":{"line":122,"column":14},"end":{"line":129,"column":null}}],"line":121},"3":{"loc":{"start":{"line":134,"column":11},"end":{"line":139,"column":null}},"type":"binary-expr","locations":[{"start":{"line":134,"column":11},"end":{"line":134,"column":null}},{"start":{"line":135,"column":12},"end":{"line":139,"column":null}}],"line":134}},"s":{"0":3,"1":3,"2":0},"f":{"0":3,"1":0},"b":{"0":[3,1,1],"1":[3,1],"2":[3,1],"3":[3,3]},"meta":{"lastBranch":4,"lastFunction":2,"lastStatement":3,"seen":{"f:18:16:18:33":0,"s:19:16:19:Infinity":0,"s:21:2:155:Infinity":1,"f:41:19:41:20":1,"s:41:26:41:Infinity":2,"b:88:11:88:33:88:33:88:Infinity:89:12:96:Infinity":0,"b:110:13:110:Infinity:111:14:118:Infinity":1,"b:121:13:121:Infinity:122:14:129:Infinity":2,"b:134:11:134:Infinity:135:12:139:Infinity":3}}}
,"D:\\Proyectos VS CODE\\Cielo_Estrellado\\Cielo-Estrellado-v3\\frontend\\src\\components\\economy\\StardustBalance.tsx": {"path":"D:\\Proyectos VS CODE\\Cielo_Estrellado\\Cielo-Estrellado-v3\\frontend\\src\\components\\economy\\StardustBalance.tsx","statementMap":{"0":{"start":{"line":10,"column":2},"end":{"line":10,"column":null}},"1":{"start":{"line":10,"column":18},"end":{"line":10,"column":null}},"2":{"start":{"line":11,"column":2},"end":{"line":14,"column":null}},"3":{"start":{"line":12,"column":14},"end":{"line":12,"column":null}},"4":{"start":{"line":13,"column":4},"end":{"line":13,"column":null}},"5":{"start":{"line":15,"column":12},"end":{"line":15,"column":null}},"6":{"start":{"line":16,"column":2},"end":{"line":16,"column":null}},"7":{"start":{"line":20,"column":20},"end":{"line":20,"column":null}},"8":{"start":{"line":21,"column":21},"end":{"line":21,"column":null}},"9":{"start":{"line":23,"column":2},"end":{"line":51,"column":null}}},"fnMap":{"0":{"name":"formatCompact","decl":{"start":{"line":9,"column":16},"end":{"line":9,"column":30}},"loc":{"start":{"line":9,"column":49},"end":{"line":17,"column":null}},"line":9},"1":{"name":"StardustBalance","decl":{"start":{"line":19,"column":16},"end":{"line":19,"column":32}},"loc":{"start":{"line":19,"column":85},"end":{"line":53,"column":null}},"line":19}},"branchMap":{"0":{"loc":{"start":{"line":10,"column":2},"end":{"line":10,"column":null}},"type":"if","locations":[{"start":{"line":10,"column":2},"end":{"line":10,"column":null}},{"start":{},"end":{}}],"line":10},"1":{"loc":{"start":{"line":11,"column":2},"end":{"line":14,"column":null}},"type":"if","locations":[{"start":{"line":11,"column":2},"end":{"line":14,"column":null}},{"start":{},"end":{}}],"line":11},"2":{"loc":{"start":{"line":13,"column":11},"end":{"line":13,"column":null}},"type":"cond-expr","locations":[{"start":{"line":13,"column":22},"end":{"line":13,"column":44}},{"start":{"line":13,"column":44},"end":{"line":13,"column":null}}],"line":13},"3":{"loc":{"start":{"line":16,"column":9},"end":{"line":16,"column":null}},"type":"cond-expr","locations":[{"start":{"line":16,"column":20},"end":{"line":16,"column":42}},{"start":{"line":16,"column":42},"end":{"line":16,"column":null}}],"line":16},"4":{"loc":{"start":{"line":20,"column":20},"end":{"line":20,"column":null}},"type":"cond-expr","locations":[{"start":{"line":20,"column":30},"end":{"line":20,"column":41}},{"start":{"line":20,"column":41},"end":{"line":20,"column":null}}],"line":20},"5":{"loc":{"start":{"line":21,"column":21},"end":{"line":21,"column":null}},"type":"binary-expr","locations":[{"start":{"line":21,"column":21},"end":{"line":21,"column":32}},{"start":{"line":21,"column":32},"end":{"line":21,"column":null}}],"line":21},"6":{"loc":{"start":{"line":27,"column":8},"end":{"line":27,"column":null}},"type":"cond-expr","locations":[{"start":{"line":27,"column":18},"end":{"line":27,"column":60}},{"start":{"line":27,"column":60},"end":{"line":27,"column":null}}],"line":27},"7":{"loc":{"start":{"line":37,"column":7},"end":{"line":49,"column":null}},"type":"cond-expr","locations":[{"start":{"line":38,"column":8},"end":{"line":43,"column":null}},{"start":{"line":45,"column":8},"end":{"line":49,"column":null}}],"line":37}},"s":{"0":12,"1":4,"2":8,"3":5,"4":5,"5":3,"6":3,"7":3,"8":3,"9":3},"f":{"0":12,"1":3},"b":{"0":[4,8],"1":[5,3],"2":[2,3],"3":[0,3],"4":[1,2],"5":[3,1],"6":[1,2],"7":[1,2]},"meta":{"lastBranch":8,"lastFunction":2,"lastStatement":10,"seen":{"f:9:16:9:30":0,"b:10:2:10:Infinity:undefined:undefined:undefined:undefined":0,"s:10:2:10:Infinity":0,"s:10:18:10:Infinity":1,"b:11:2:14:Infinity:undefined:undefined:undefined:undefined":1,"s:11:2:14:Infinity":2,"s:12:14:12:Infinity":3,"s:13:4:13:Infinity":4,"b:13:22:13:44:13:44:13:Infinity":2,"s:15:12:15:Infinity":5,"s:16:2:16:Infinity":6,"b:16:20:16:42:16:42:16:Infinity":3,"f:19:16:19:32":1,"s:20:20:20:Infinity":7,"b:20:30:20:41:20:41:20:Infinity":4,"s:21:21:21:Infinity":8,"b:21:21:21:32:21:32:21:Infinity":5,"s:23:2:51:Infinity":9,"b:27:18:27:60:27:60:27:Infinity":6,"b:38:8:43:Infinity:45:8:49:Infinity":7}}}
,"D:\\Proyectos VS CODE\\Cielo_Estrellado\\Cielo-Estrellado-v3\\frontend\\src\\components\\economy\\StardustOnboarding.tsx": {"path":"D:\\Proyectos VS CODE\\Cielo_Estrellado\\Cielo-Estrellado-v3\\frontend\\src\\components\\economy\\StardustOnboarding.tsx","statementMap":{"0":{"start":{"line":10,"column":2},"end":{"line":13,"column":null}},"1":{"start":{"line":11,"column":18},"end":{"line":11,"column":null}},"2":{"start":{"line":12,"column":4},"end":{"line":12,"column":null}},"3":{"start":{"line":12,"column":17},"end":{"line":12,"column":null}},"4":{"start":{"line":15,"column":2},"end":{"line":55,"column":null}}},"fnMap":{"0":{"name":"StardustOnboarding","decl":{"start":{"line":9,"column":16},"end":{"line":9,"column":35}},"loc":{"start":{"line":9,"column":75},"end":{"line":57,"column":null}},"line":9},"1":{"name":"(anonymous_1)","decl":{"start":{"line":10,"column":12},"end":{"line":10,"column":18}},"loc":{"start":{"line":10,"column":18},"end":{"line":13,"column":5}},"line":10},"2":{"name":"(anonymous_2)","decl":{"start":{"line":12,"column":11},"end":{"line":12,"column":17}},"loc":{"start":{"line":12,"column":17},"end":{"line":12,"column":null}},"line":12}},"branchMap":{},"s":{"0":2,"1":2,"2":2,"3":2,"4":2},"f":{"0":2,"1":2,"2":2},"b":{},"meta":{"lastBranch":0,"lastFunction":3,"lastStatement":5,"seen":{"f:9:16:9:35":0,"s:10:2:13:Infinity":0,"f:10:12:10:18":1,"s:11:18:11:Infinity":1,"s:12:4:12:Infinity":2,"f:12:11:12:17":2,"s:12:17:12:Infinity":3,"s:15:2:55:Infinity":4}}}
,"D:\\Proyectos VS CODE\\Cielo_Estrellado\\Cielo-Estrellado-v3\\frontend\\src\\components\\economy\\StreakIndicator.tsx": {"path":"D:\\Proyectos VS CODE\\Cielo_Estrellado\\Cielo-Estrellado-v3\\frontend\\src\\components\\economy\\StreakIndicator.tsx","statementMap":{"0":{"start":{"line":7,"column":24},"end":{"line":7,"column":null}},"1":{"start":{"line":9,"column":2},"end":{"line":59,"column":null}},"2":{"start":{"line":14,"column":30},"end":{"line":14,"column":null}},"3":{"start":{"line":15,"column":28},"end":{"line":15,"column":null}},"4":{"start":{"line":17,"column":10},"end":{"line":41,"column":null}}},"fnMap":{"0":{"name":"StreakIndicator","decl":{"start":{"line":6,"column":16},"end":{"line":6,"column":32}},"loc":{"start":{"line":6,"column":89},"end":{"line":61,"column":null}},"line":6},"1":{"name":"(anonymous_1)","decl":{"start":{"line":13,"column":35},"end":{"line":13,"column":36}},"loc":{"start":{"line":13,"column":45},"end":{"line":43,"column":9}},"line":13}},"branchMap":{"0":{"loc":{"start":{"line":7,"column":24},"end":{"line":7,"column":null}},"type":"cond-expr","locations":[{"start":{"line":7,"column":46},"end":{"line":7,"column":50}},{"start":{"line":7,"column":50},"end":{"line":7,"column":null}}],"line":7},"1":{"loc":{"start":{"line":7,"column":50},"end":{"line":7,"column":null}},"type":"cond-expr","locations":[{"start":{"line":7,"column":71},"end":{"line":7,"column":75}},{"start":{"line":7,"column":75},"end":{"line":7,"column":null}}],"line":7},"2":{"loc":{"start":{"line":7,"column":75},"end":{"line":7,"column":null}},"type":"binary-expr","locations":[{"start":{"line":7,"column":75},"end":{"line":7,"column":96}},{"start":{"line":7,"column":96},"end":{"line":7,"column":null}}],"line":7},"3":{"loc":{"start":{"line":15,"column":28},"end":{"line":15,"column":null}},"type":"binary-expr","locations":[{"start":{"line":15,"column":28},"end":{"line":15,"column":55}},{"start":{"line":15,"column":55},"end":{"line":15,"column":null}}],"line":15},"4":{"loc":{"start":{"line":22,"column":16},"end":{"line":33,"column":null}},"type":"cond-expr","locations":[{"start":{"line":23,"column":20},"end":{"line":29,"column":null}},{"start":{"line":30,"column":20},"end":{"line":33,"column":null}}],"line":22},"5":{"loc":{"start":{"line":26,"column":26},"end":{"line":28,"column":null}},"type":"cond-expr","locations":[{"start":{"line":27,"column":26},"end":{"line":27,"column":null}},{"start":{"line":28,"column":26},"end":{"line":28,"column":null}}],"line":26},"6":{"loc":{"start":{"line":36,"column":15},"end":{"line":39,"column":null}},"type":"binary-expr","locations":[{"start":{"line":36,"column":15},"end":{"line":36,"column":null}},{"start":{"line":37,"column":16},"end":{"line":39,"column":null}}],"line":36},"7":{"loc":{"start":{"line":51,"column":9},"end":{"line":56,"column":null}},"type":"cond-expr","locations":[{"start":{"line":52,"column":10},"end":{"line":52,"column":null}},{"start":{"line":53,"column":12},"end":{"line":56,"column":null}}],"line":51},"8":{"loc":{"start":{"line":51,"column":9},"end":{"line":51,"column":null}},"type":"binary-expr","locations":[{"start":{"line":51,"column":9},"end":{"line":51,"column":32}},{"start":{"line":51,"column":32},"end":{"line":51,"column":null}}],"line":51},"9":{"loc":{"start":{"line":53,"column":12},"end":{"line":56,"column":null}},"type":"cond-expr","locations":[{"start":{"line":54,"column":10},"end":{"line":54,"column":null}},{"start":{"line":56,"column":10},"end":{"line":56,"column":null}}],"line":53}},"s":{"0":7,"1":7,"2":49,"3":49,"4":49},"f":{"0":7,"1":49},"b":{"0":[1,6],"1":[3,3],"2":[3,0],"3":[49,6],"4":[26,23],"5":[6,20],"6":[49,26],"7":[0,7],"8":[7,1],"9":[3,4]},"meta":{"lastBranch":10,"lastFunction":2,"lastStatement":5,"seen":{"f:6:16:6:32":0,"s:7:24:7:Infinity":0,"b:7:46:7:50:7:50:7:Infinity":0,"b:7:71:7:75:7:75:7:Infinity":1,"b:7:75:7:96:7:96:7:Infinity":2,"s:9:2:59:Infinity":1,"f:13:35:13:36":1,"s:14:30:14:Infinity":2,"s:15:28:15:Infinity":3,"b:15:28:15:55:15:55:15:Infinity":3,"s:17:10:41:Infinity":4,"b:23:20:29:Infinity:30:20:33:Infinity":4,"b:27:26:27:Infinity:28:26:28:Infinity":5,"b:36:15:36:Infinity:37:16:39:Infinity":6,"b:52:10:52:Infinity:53:12:56:Infinity":7,"b:51:9:51:32:51:32:51:Infinity":8,"b:54:10:54:Infinity:56:10:56:Infinity":9}}}
,"D:\\Proyectos VS CODE\\Cielo_Estrellado\\Cielo-Estrellado-v3\\frontend\\src\\components\\economy\\TransactionHistory.tsx": {"path":"D:\\Proyectos VS CODE\\Cielo_Estrellado\\Cielo-Estrellado-v3\\frontend\\src\\components\\economy\\TransactionHistory.tsx","statementMap":{"0":{"start":{"line":11,"column":46},"end":{"line":21,"column":null}},"1":{"start":{"line":24,"column":15},"end":{"line":24,"column":null}},"2":{"start":{"line":25,"column":14},"end":{"line":25,"column":null}},"3":{"start":{"line":26,"column":17},"end":{"line":26,"column":null}},"4":{"start":{"line":27,"column":18},"end":{"line":27,"column":null}},"5":{"start":{"line":28,"column":20},"end":{"line":28,"column":null}},"6":{"start":{"line":30,"column":2},"end":{"line":30,"column":null}},"7":{"start":{"line":30,"column":20},"end":{"line":30,"column":null}},"8":{"start":{"line":31,"column":2},"end":{"line":31,"column":null}},"9":{"start":{"line":31,"column":22},"end":{"line":31,"column":null}},"10":{"start":{"line":33,"column":20},"end":{"line":33,"column":null}},"11":{"start":{"line":34,"column":2},"end":{"line":34,"column":null}},"12":{"start":{"line":35,"column":2},"end":{"line":35,"column":null}},"13":{"start":{"line":35,"column":56},"end":{"line":35,"column":null}},"14":{"start":{"line":37,"column":19},"end":{"line":37,"column":null}},"15":{"start":{"line":38,"column":2},"end":{"line":40,"column":null}},"16":{"start":{"line":39,"column":4},"end":{"line":39,"column":null}},"17":{"start":{"line":42,"column":2},"end":{"line":42,"column":null}},"18":{"start":{"line":51,"column":38},"end":{"line":51,"column":null}},"19":{"start":{"line":52,"column":34},"end":{"line":52,"column":null}},"20":{"start":{"line":53,"column":28},"end":{"line":53,"column":null}},"21":{"start":{"line":54,"column":36},"end":{"line":54,"column":null}},"22":{"start":{"line":56,"column":2},"end":{"line":78,"column":null}},"23":{"start":{"line":57,"column":4},"end":{"line":57,"column":null}},"24":{"start":{"line":57,"column":15},"end":{"line":57,"column":null}},"25":{"start":{"line":59,"column":20},"end":{"line":59,"column":null}},"26":{"start":{"line":60,"column":4},"end":{"line":60,"column":null}},"27":{"start":{"line":61,"column":4},"end":{"line":61,"column":null}},"28":{"start":{"line":62,"column":4},"end":{"line":62,"column":null}},"29":{"start":{"line":64,"column":4},"end":{"line":75,"column":null}},"30":{"start":{"line":66,"column":8},"end":{"line":66,"column":null}},"31":{"start":{"line":66,"column":23},"end":{"line":66,"column":null}},"32":{"start":{"line":67,"column":8},"end":{"line":67,"column":null}},"33":{"start":{"line":68,"column":8},"end":{"line":68,"column":null}},"34":{"start":{"line":71,"column":8},"end":{"line":71,"column":null}},"35":{"start":{"line":71,"column":24},"end":{"line":71,"column":null}},"36":{"start":{"line":74,"column":8},"end":{"line":74,"column":null}},"37":{"start":{"line":74,"column":24},"end":{"line":74,"column":null}},"38":{"start":{"line":77,"column":4},"end":{"line":77,"column":null}},"39":{"start":{"line":77,"column":19},"end":{"line":77,"column":36}},"40":{"start":{"line":80,"column":8},"end":{"line":93,"column":null}},"41":{"start":{"line":81,"column":4},"end":{"line":81,"column":null}},"42":{"start":{"line":81,"column":36},"end":{"line":81,"column":null}},"43":{"start":{"line":83,"column":4},"end":{"line":83,"column":null}},"44":{"start":{"line":84,"column":4},"end":{"line":92,"column":null}},"45":{"start":{"line":86,"column":8},"end":{"line":86,"column":null}},"46":{"start":{"line":86,"column":34},"end":{"line":86,"column":64}},"47":{"start":{"line":87,"column":8},"end":{"line":87,"column":null}},"48":{"start":{"line":90,"column":8},"end":{"line":90,"column":null}},"49":{"start":{"line":92,"column":21},"end":{"line":92,"column":42}},"50":{"start":{"line":95,"column":2},"end":{"line":191,"column":null}},"51":{"start":{"line":118,"column":29},"end":{"line":118,"column":null}},"52":{"start":{"line":119,"column":14},"end":{"line":172,"column":null}}},"fnMap":{"0":{"name":"formatRelativeDate","decl":{"start":{"line":23,"column":16},"end":{"line":23,"column":35}},"loc":{"start":{"line":23,"column":56},"end":{"line":43,"column":null}},"line":23},"1":{"name":"TransactionHistory","decl":{"start":{"line":50,"column":16},"end":{"line":50,"column":35}},"loc":{"start":{"line":50,"column":84},"end":{"line":193,"column":null}},"line":50},"2":{"name":"(anonymous_2)","decl":{"start":{"line":56,"column":12},"end":{"line":56,"column":18}},"loc":{"start":{"line":56,"column":18},"end":{"line":78,"column":5}},"line":56},"3":{"name":"(anonymous_3)","decl":{"start":{"line":65,"column":12},"end":{"line":65,"column":13}},"loc":{"start":{"line":65,"column":21},"end":{"line":69,"column":7}},"line":65},"4":{"name":"(anonymous_4)","decl":{"start":{"line":70,"column":13},"end":{"line":70,"column":19}},"loc":{"start":{"line":70,"column":19},"end":{"line":72,"column":7}},"line":70},"5":{"name":"(anonymous_5)","decl":{"start":{"line":73,"column":15},"end":{"line":73,"column":21}},"loc":{"start":{"line":73,"column":21},"end":{"line":75,"column":7}},"line":73},"6":{"name":"(anonymous_6)","decl":{"start":{"line":77,"column":11},"end":{"line":77,"column":17}},"loc":{"start":{"line":77,"column":17},"end":{"line":77,"column":null}},"line":77},"7":{"name":"(anonymous_7)","decl":{"start":{"line":80,"column":31},"end":{"line":80,"column":37}},"loc":{"start":{"line":80,"column":37},"end":{"line":93,"column":5}},"line":80},"8":{"name":"(anonymous_8)","decl":{"start":{"line":85,"column":12},"end":{"line":85,"column":13}},"loc":{"start":{"line":85,"column":21},"end":{"line":88,"column":7}},"line":85},"9":{"name":"(anonymous_9)","decl":{"start":{"line":86,"column":24},"end":{"line":86,"column":25}},"loc":{"start":{"line":86,"column":34},"end":{"line":86,"column":64}},"line":86},"10":{"name":"(anonymous_10)","decl":{"start":{"line":89,"column":13},"end":{"line":89,"column":19}},"loc":{"start":{"line":89,"column":19},"end":{"line":91,"column":7}},"line":89},"11":{"name":"(anonymous_11)","decl":{"start":{"line":92,"column":15},"end":{"line":92,"column":21}},"loc":{"start":{"line":92,"column":21},"end":{"line":92,"column":42}},"line":92},"12":{"name":"(anonymous_12)","decl":{"start":{"line":117,"column":30},"end":{"line":117,"column":31}},"loc":{"start":{"line":117,"column":38},"end":{"line":174,"column":13}},"line":117}},"branchMap":{"0":{"loc":{"start":{"line":30,"column":2},"end":{"line":30,"column":null}},"type":"if","locations":[{"start":{"line":30,"column":2},"end":{"line":30,"column":null}},{"start":{},"end":{}}],"line":30},"1":{"loc":{"start":{"line":31,"column":2},"end":{"line":31,"column":null}},"type":"if","locations":[{"start":{"line":31,"column":2},"end":{"line":31,"column":null}},{"start":{},"end":{}}],"line":31},"2":{"loc":{"start":{"line":35,"column":2},"end":{"line":35,"column":null}},"type":"if","locations":[{"start":{"line":35,"column":2},"end":{"line":35,"column":null}},{"start":{},"end":{}}],"line":35},"3":{"loc":{"start":{"line":38,"column":2},"end":{"line":40,"column":null}},"type":"if","locations":[{"start":{"line":38,"column":2},"end":{"line":40,"column":null}},{"start":{},"end":{}}],"line":38},"4":{"loc":{"start":{"line":57,"column":4},"end":{"line":57,"column":null}},"type":"if","locations":[{"start":{"line":57,"column":4},"end":{"line":57,"column":null}},{"start":{},"end":{}}],"line":57},"5":{"loc":{"start":{"line":66,"column":8},"end":{"line":66,"column":null}},"type":"if","locations":[{"start":{"line":66,"column":8},"end":{"line":66,"column":null}},{"start":{},"end":{}}],"line":66},"6":{"loc":{"start":{"line":71,"column":8},"end":{"line":71,"column":null}},"type":"if","locations":[{"start":{"line":71,"column":8},"end":{"line":71,"column":null}},{"start":{},"end":{}}],"line":71},"7":{"loc":{"start":{"line":74,"column":8},"end":{"line":74,"column":null}},"type":"if","locations":[{"start":{"line":74,"column":8},"end":{"line":74,"column":null}},{"start":{},"end":{}}],"line":74},"8":{"loc":{"start":{"line":81,"column":4},"end":{"line":81,"column":null}},"type":"if","locations":[{"start":{"line":81,"column":4},"end":{"line":81,"column":null}},{"start":{},"end":{}}],"line":81},"9":{"loc":{"start":{"line":81,"column":8},"end":{"line":81,"column":36}},"type":"binary-expr","locations":[{"start":{"line":81,"column":8},"end":{"line":81,"column":23}},{"start":{"line":81,"column":23},"end":{"line":81,"column":36}}],"line":81},"10":{"loc":{"start":{"line":98,"column":9},"end":{"line":188,"column":null}},"type":"cond-expr","locations":[{"start":{"line":99,"column":10},"end":{"line":104,"column":null}},{"start":{"line":105,"column":12},"end":{"line":188,"column":null}}],"line":98},"11":{"loc":{"start":{"line":105,"column":12},"end":{"line":188,"column":null}},"type":"cond-expr","locations":[{"start":{"line":106,"column":10},"end":{"line":114,"column":null}},{"start":{"line":116,"column":10},"end":{"line":188,"column":null}}],"line":105},"12":{"loc":{"start":{"line":127,"column":34},"end":{"line":129,"column":null}},"type":"cond-expr","locations":[{"start":{"line":128,"column":26},"end":{"line":128,"column":null}},{"start":{"line":129,"column":26},"end":{"line":129,"column":null}}],"line":127},"13":{"loc":{"start":{"line":132,"column":21},"end":{"line":135,"column":null}},"type":"cond-expr","locations":[{"start":{"line":133,"column":22},"end":{"line":133,"column":null}},{"start":{"line":135,"column":22},"end":{"line":135,"column":null}}],"line":132},"14":{"loc":{"start":{"line":144,"column":23},"end":{"line":144,"column":null}},"type":"binary-expr","locations":[{"start":{"line":144,"column":23},"end":{"line":144,"column":51}},{"start":{"line":144,"column":51},"end":{"line":144,"column":null}}],"line":144},"15":{"loc":{"start":{"line":158,"column":31},"end":{"line":160,"column":null}},"type":"cond-expr","locations":[{"start":{"line":159,"column":28},"end":{"line":159,"column":null}},{"start":{"line":160,"column":28},"end":{"line":160,"column":null}}],"line":158},"16":{"loc":{"start":{"line":163,"column":23},"end":{"line":163,"column":43}},"type":"cond-expr","locations":[{"start":{"line":163,"column":32},"end":{"line":163,"column":38}},{"start":{"line":163,"column":38},"end":{"line":163,"column":43}}],"line":163},"17":{"loc":{"start":{"line":176,"column":13},"end":{"line":186,"column":null}},"type":"binary-expr","locations":[{"start":{"line":176,"column":13},"end":{"line":176,"column":null}},{"start":{"line":177,"column":14},"end":{"line":186,"column":null}}],"line":176},"18":{"loc":{"start":{"line":184,"column":19},"end":{"line":184,"column":null}},"type":"cond-expr","locations":[{"start":{"line":184,"column":33},"end":{"line":184,"column":49}},{"start":{"line":184,"column":49},"end":{"line":184,"column":null}}],"line":184}},"s":{"0":1,"1":6,"2":6,"3":6,"4":6,"5":6,"6":6,"7":2,"8":4,"9":4,"10":3,"11":3,"12":3,"13":1,"14":2,"15":2,"16":1,"17":1,"18":0,"19":0,"20":0,"21":0,"22":0,"23":0,"24":0,"25":0,"26":0,"27":0,"28":0,"29":0,"30":0,"31":0,"32":0,"33":0,"34":0,"35":0,"36":0,"37":0,"38":0,"39":0,"40":0,"41":0,"42":0,"43":0,"44":0,"45":0,"46":0,"47":0,"48":0,"49":0,"50":0,"51":0,"52":0},"f":{"0":6,"1":0,"2":0,"3":0,"4":0,"5":0,"6":0,"7":0,"8":0,"9":0,"10":0,"11":0,"12":0},"b":{"0":[2,4],"1":[1,3],"2":[1,2],"3":[1,1],"4":[0,0],"5":[0,0],"6":[0,0],"7":[0,0],"8":[0,0],"9":[0,0],"10":[0,0],"11":[0,0],"12":[0,0],"13":[0,0],"14":[0,0],"15":[0,0],"16":[0,0],"17":[0,0],"18":[0,0]},"meta":{"lastBranch":19,"lastFunction":13,"lastStatement":53,"seen":{"s:11:46:21:Infinity":0,"f:23:16:23:35":0,"s:24:15:24:Infinity":1,"s:25:14:25:Infinity":2,"s:26:17:26:Infinity":3,"s:27:18:27:Infinity":4,"s:28:20:28:Infinity":5,"b:30:2:30:Infinity:undefined:undefined:undefined:undefined":0,"s:30:2:30:Infinity":6,"s:30:20:30:Infinity":7,"b:31:2:31:Infinity:undefined:undefined:undefined:undefined":1,"s:31:2:31:Infinity":8,"s:31:22:31:Infinity":9,"s:33:20:33:Infinity":10,"s:34:2:34:Infinity":11,"b:35:2:35:Infinity:undefined:undefined:undefined:undefined":2,"s:35:2:35:Infinity":12,"s:35:56:35:Infinity":13,"s:37:19:37:Infinity":14,"b:38:2:40:Infinity:undefined:undefined:undefined:undefined":3,"s:38:2:40:Infinity":15,"s:39:4:39:Infinity":16,"s:42:2:42:Infinity":17,"f:50:16:50:35":1,"s:51:38:51:Infinity":18,"s:52:34:52:Infinity":19,"s:53:28:53:Infinity":20,"s:54:36:54:Infinity":21,"s:56:2:78:Infinity":22,"f:56:12:56:18":2,"b:57:4:57:Infinity:undefined:undefined:undefined:undefined":4,"s:57:4:57:Infinity":23,"s:57:15:57:Infinity":24,"s:59:20:59:Infinity":25,"s:60:4:60:Infinity":26,"s:61:4:61:Infinity":27,"s:62:4:62:Infinity":28,"s:64:4:75:Infinity":29,"f:65:12:65:13":3,"b:66:8:66:Infinity:undefined:undefined:undefined:undefined":5,"s:66:8:66:Infinity":30,"s:66:23:66:Infinity":31,"s:67:8:67:Infinity":32,"s:68:8:68:Infinity":33,"f:70:13:70:19":4,"b:71:8:71:Infinity:undefined:undefined:undefined:undefined":6,"s:71:8:71:Infinity":34,"s:71:24:71:Infinity":35,"f:73:15:73:21":5,"b:74:8:74:Infinity:undefined:undefined:undefined:undefined":7,"s:74:8:74:Infinity":36,"s:74:24:74:Infinity":37,"s:77:4:77:Infinity":38,"f:77:11:77:17":6,"s:77:19:77:36":39,"s:80:8:93:Infinity":40,"f:80:31:80:37":7,"b:81:4:81:Infinity:undefined:undefined:undefined:undefined":8,"s:81:4:81:Infinity":41,"b:81:8:81:23:81:23:81:36":9,"s:81:36:81:Infinity":42,"s:83:4:83:Infinity":43,"s:84:4:92:Infinity":44,"f:85:12:85:13":8,"s:86:8:86:Infinity":45,"f:86:24:86:25":9,"s:86:34:86:64":46,"s:87:8:87:Infinity":47,"f:89:13:89:19":10,"s:90:8:90:Infinity":48,"f:92:15:92:21":11,"s:92:21:92:42":49,"s:95:2:191:Infinity":50,"b:99:10:104:Infinity:105:12:188:Infinity":10,"b:106:10:114:Infinity:116:10:188:Infinity":11,"f:117:30:117:31":12,"s:118:29:118:Infinity":51,"s:119:14:172:Infinity":52,"b:128:26:128:Infinity:129:26:129:Infinity":12,"b:133:22:133:Infinity:135:22:135:Infinity":13,"b:144:23:144:51:144:51:144:Infinity":14,"b:159:28:159:Infinity:160:28:160:Infinity":15,"b:163:32:163:38:163:38:163:43":16,"b:176:13:176:Infinity:177:14:186:Infinity":17,"b:184:33:184:49:184:49:184:Infinity":18}}}
,"D:\\Proyectos VS CODE\\Cielo_Estrellado\\Cielo-Estrellado-v3\\frontend\\src\\components\\ui\\BottomSheet.tsx": {"path":"D:\\Proyectos VS CODE\\Cielo_Estrellado\\Cielo-Estrellado-v3\\frontend\\src\\components\\ui\\BottomSheet.tsx","statementMap":{"0":{"start":{"line":12,"column":2},"end":{"line":33,"column":null}}},"fnMap":{"0":{"name":"BottomSheet","decl":{"start":{"line":11,"column":16},"end":{"line":11,"column":28}},"loc":{"start":{"line":11,"column":87},"end":{"line":35,"column":null}},"line":11}},"branchMap":{"0":{"loc":{"start":{"line":24,"column":9},"end":{"line":27,"column":null}},"type":"binary-expr","locations":[{"start":{"line":24,"column":9},"end":{"line":24,"column":null}},{"start":{"line":25,"column":10},"end":{"line":27,"column":null}}],"line":24}},"s":{"0":0},"f":{"0":0},"b":{"0":[0,0]},"meta":{"lastBranch":1,"lastFunction":1,"lastStatement":1,"seen":{"f:11:16:11:28":0,"s:12:2:33:Infinity":0,"b:24:9:24:Infinity:25:10:27:Infinity":0}}}
,"D:\\Proyectos VS CODE\\Cielo_Estrellado\\Cielo-Estrellado-v3\\frontend\\src\\components\\ui\\button.tsx": {"path":"D:\\Proyectos VS CODE\\Cielo_Estrellado\\Cielo-Estrellado-v3\\frontend\\src\\components\\ui\\button.tsx","statementMap":{"0":{"start":{"line":6,"column":6},"end":{"line":47,"column":null}},"1":{"start":{"line":55,"column":2},"end":{"line":60,"column":null}}},"fnMap":{"0":{"name":"Button","decl":{"start":{"line":49,"column":9},"end":{"line":49,"column":16}},"loc":{"start":{"line":54,"column":64},"end":{"line":62,"column":null}},"line":54}},"branchMap":{"0":{"loc":{"start":{"line":51,"column":2},"end":{"line":51,"column":null}},"type":"default-arg","locations":[{"start":{"line":51,"column":12},"end":{"line":51,"column":null}}],"line":51},"1":{"loc":{"start":{"line":52,"column":2},"end":{"line":52,"column":null}},"type":"default-arg","locations":[{"start":{"line":52,"column":9},"end":{"line":52,"column":null}}],"line":52}},"s":{"0":1,"1":0},"f":{"0":0},"b":{"0":[0],"1":[0]},"meta":{"lastBranch":2,"lastFunction":1,"lastStatement":2,"seen":{"s:6:6:47:Infinity":0,"f:49:9:49:16":0,"b:51:12:51:Infinity":0,"b:52:9:52:Infinity":1,"s:55:2:60:Infinity":1}}}
,"D:\\Proyectos VS CODE\\Cielo_Estrellado\\Cielo-Estrellado-v3\\frontend\\src\\components\\ui\\number-ticker.tsx": {"path":"D:\\Proyectos VS CODE\\Cielo_Estrellado\\Cielo-Estrellado-v3\\frontend\\src\\components\\ui\\number-ticker.tsx","statementMap":{"0":{"start":{"line":23,"column":8},"end":{"line":23,"column":null}},"1":{"start":{"line":24,"column":8},"end":{"line":24,"column":null}},"2":{"start":{"line":25,"column":8},"end":{"line":28,"column":null}},"3":{"start":{"line":29,"column":8},"end":{"line":29,"column":null}},"4":{"start":{"line":31,"column":2},"end":{"line":45,"column":null}},"5":{"start":{"line":32,"column":54},"end":{"line":32,"column":null}},"6":{"start":{"line":34,"column":4},"end":{"line":38,"column":null}},"7":{"start":{"line":35,"column":6},"end":{"line":37,"column":null}},"8":{"start":{"line":36,"column":8},"end":{"line":36,"column":null}},"9":{"start":{"line":40,"column":4},"end":{"line":44,"column":null}},"10":{"start":{"line":41,"column":6},"end":{"line":43,"column":null}},"11":{"start":{"line":42,"column":8},"end":{"line":42,"column":null}},"12":{"start":{"line":47,"column":2},"end":{"line":58,"column":null}},"13":{"start":{"line":49,"column":6},"end":{"line":56,"column":null}},"14":{"start":{"line":50,"column":8},"end":{"line":55,"column":null}},"15":{"start":{"line":51,"column":10},"end":{"line":54,"column":null}},"16":{"start":{"line":60,"column":2},"end":{"line":70,"column":null}}},"fnMap":{"0":{"name":"NumberTicker","decl":{"start":{"line":14,"column":16},"end":{"line":14,"column":29}},"loc":{"start":{"line":22,"column":22},"end":{"line":72,"column":null}},"line":22},"1":{"name":"(anonymous_1)","decl":{"start":{"line":31,"column":12},"end":{"line":31,"column":18}},"loc":{"start":{"line":31,"column":18},"end":{"line":45,"column":5}},"line":31},"2":{"name":"(anonymous_2)","decl":{"start":{"line":35,"column":25},"end":{"line":35,"column":31}},"loc":{"start":{"line":35,"column":31},"end":{"line":37,"column":9}},"line":35},"3":{"name":"(anonymous_3)","decl":{"start":{"line":40,"column":11},"end":{"line":40,"column":17}},"loc":{"start":{"line":40,"column":17},"end":{"line":44,"column":null}},"line":40},"4":{"name":"(anonymous_4)","decl":{"start":{"line":48,"column":4},"end":{"line":48,"column":null}},"loc":{"start":{"line":49,"column":6},"end":{"line":56,"column":null}},"line":49},"5":{"name":"(anonymous_5)","decl":{"start":{"line":49,"column":31},"end":{"line":49,"column":32}},"loc":{"start":{"line":49,"column":43},"end":{"line":56,"column":7}},"line":49}},"branchMap":{"0":{"loc":{"start":{"line":16,"column":2},"end":{"line":16,"column":null}},"type":"default-arg","locations":[{"start":{"line":16,"column":15},"end":{"line":16,"column":null}}],"line":16},"1":{"loc":{"start":{"line":17,"column":2},"end":{"line":17,"column":null}},"type":"default-arg","locations":[{"start":{"line":17,"column":14},"end":{"line":17,"column":null}}],"line":17},"2":{"loc":{"start":{"line":18,"column":2},"end":{"line":18,"column":null}},"type":"default-arg","locations":[{"start":{"line":18,"column":10},"end":{"line":18,"column":null}}],"line":18},"3":{"loc":{"start":{"line":20,"column":2},"end":{"line":20,"column":null}},"type":"default-arg","locations":[{"start":{"line":20,"column":18},"end":{"line":20,"column":null}}],"line":20},"4":{"loc":{"start":{"line":24,"column":37},"end":{"line":24,"column":78}},"type":"cond-expr","locations":[{"start":{"line":24,"column":60},"end":{"line":24,"column":68}},{"start":{"line":24,"column":68},"end":{"line":24,"column":78}}],"line":24},"5":{"loc":{"start":{"line":34,"column":4},"end":{"line":38,"column":null}},"type":"if","locations":[{"start":{"line":34,"column":4},"end":{"line":38,"column":null}},{"start":{},"end":{}}],"line":34},"6":{"loc":{"start":{"line":36,"column":24},"end":{"line":36,"column":65}},"type":"cond-expr","locations":[{"start":{"line":36,"column":47},"end":{"line":36,"column":60}},{"start":{"line":36,"column":60},"end":{"line":36,"column":65}}],"line":36},"7":{"loc":{"start":{"line":41,"column":6},"end":{"line":43,"column":null}},"type":"if","locations":[{"start":{"line":41,"column":6},"end":{"line":43,"column":null}},{"start":{},"end":{}}],"line":41},"8":{"loc":{"start":{"line":50,"column":8},"end":{"line":55,"column":null}},"type":"if","locations":[{"start":{"line":50,"column":8},"end":{"line":55,"column":null}},{"start":{},"end":{}}],"line":50}},"s":{"0":0,"1":0,"2":0,"3":0,"4":0,"5":0,"6":0,"7":0,"8":0,"9":0,"10":0,"11":0,"12":0,"13":0,"14":0,"15":0,"16":0},"f":{"0":0,"1":0,"2":0,"3":0,"4":0,"5":0},"b":{"0":[0],"1":[0],"2":[0],"3":[0],"4":[0,0],"5":[0,0],"6":[0,0],"7":[0,0],"8":[0,0]},"meta":{"lastBranch":9,"lastFunction":6,"lastStatement":17,"seen":{"f:14:16:14:29":0,"b:16:15:16:Infinity":0,"b:17:14:17:Infinity":1,"b:18:10:18:Infinity":2,"b:20:18:20:Infinity":3,"s:23:8:23:Infinity":0,"s:24:8:24:Infinity":1,"b:24:60:24:68:24:68:24:78":4,"s:25:8:28:Infinity":2,"s:29:8:29:Infinity":3,"s:31:2:45:Infinity":4,"f:31:12:31:18":1,"s:32:54:32:Infinity":5,"b:34:4:38:Infinity:undefined:undefined:undefined:undefined":5,"s:34:4:38:Infinity":6,"s:35:6:37:Infinity":7,"f:35:25:35:31":2,"s:36:8:36:Infinity":8,"b:36:47:36:60:36:60:36:65":6,"s:40:4:44:Infinity":9,"f:40:11:40:17":3,"b:41:6:43:Infinity:undefined:undefined:undefined:undefined":7,"s:41:6:43:Infinity":10,"s:42:8:42:Infinity":11,"s:47:2:58:Infinity":12,"f:48:4:48:Infinity":4,"s:49:6:56:Infinity":13,"f:49:31:49:32":5,"b:50:8:55:Infinity:undefined:undefined:undefined:undefined":8,"s:50:8:55:Infinity":14,"s:51:10:54:Infinity":15,"s:60:2:70:Infinity":16}}}
,"D:\\Proyectos VS CODE\\Cielo_Estrellado\\Cielo-Estrellado-v3\\frontend\\src\\components\\ui\\sheet.tsx": {"path":"D:\\Proyectos VS CODE\\Cielo_Estrellado\\Cielo-Estrellado-v3\\frontend\\src\\components\\ui\\sheet.tsx","statementMap":{"0":{"start":{"line":9,"column":2},"end":{"line":9,"column":null}},"1":{"start":{"line":13,"column":2},"end":{"line":13,"column":null}},"2":{"start":{"line":17,"column":2},"end":{"line":17,"column":null}},"3":{"start":{"line":21,"column":2},"end":{"line":21,"column":null}},"4":{"start":{"line":25,"column":2},"end":{"line":33,"column":null}},"5":{"start":{"line":47,"column":2},"end":{"line":77,"column":null}},"6":{"start":{"line":82,"column":2},"end":{"line":87,"column":null}},"7":{"start":{"line":92,"column":2},"end":{"line":97,"column":null}},"8":{"start":{"line":102,"column":2},"end":{"line":110,"column":null}},"9":{"start":{"line":118,"column":2},"end":{"line":123,"column":null}}},"fnMap":{"0":{"name":"Sheet","decl":{"start":{"line":8,"column":9},"end":{"line":8,"column":15}},"loc":{"start":{"line":8,"column":56},"end":{"line":10,"column":null}},"line":8},"1":{"name":"SheetTrigger","decl":{"start":{"line":12,"column":9},"end":{"line":12,"column":22}},"loc":{"start":{"line":12,"column":66},"end":{"line":14,"column":null}},"line":12},"2":{"name":"SheetClose","decl":{"start":{"line":16,"column":9},"end":{"line":16,"column":20}},"loc":{"start":{"line":16,"column":62},"end":{"line":18,"column":null}},"line":16},"3":{"name":"SheetPortal","decl":{"start":{"line":20,"column":9},"end":{"line":20,"column":21}},"loc":{"start":{"line":20,"column":64},"end":{"line":22,"column":null}},"line":20},"4":{"name":"SheetOverlay","decl":{"start":{"line":24,"column":9},"end":{"line":24,"column":22}},"loc":{"start":{"line":24,"column":78},"end":{"line":35,"column":null}},"line":24},"5":{"name":"SheetContent","decl":{"start":{"line":37,"column":9},"end":{"line":37,"column":22}},"loc":{"start":{"line":46,"column":3},"end":{"line":79,"column":null}},"line":46},"6":{"name":"SheetHeader","decl":{"start":{"line":81,"column":9},"end":{"line":81,"column":21}},"loc":{"start":{"line":81,"column":75},"end":{"line":89,"column":null}},"line":81},"7":{"name":"SheetFooter","decl":{"start":{"line":91,"column":9},"end":{"line":91,"column":21}},"loc":{"start":{"line":91,"column":75},"end":{"line":99,"column":null}},"line":91},"8":{"name":"SheetTitle","decl":{"start":{"line":101,"column":9},"end":{"line":101,"column":20}},"loc":{"start":{"line":101,"column":73},"end":{"line":112,"column":null}},"line":101},"9":{"name":"SheetDescription","decl":{"start":{"line":114,"column":9},"end":{"line":114,"column":26}},"loc":{"start":{"line":117,"column":37},"end":{"line":125,"column":null}},"line":117}},"branchMap":{"0":{"loc":{"start":{"line":40,"column":2},"end":{"line":40,"column":null}},"type":"default-arg","locations":[{"start":{"line":40,"column":9},"end":{"line":40,"column":null}}],"line":40},"1":{"loc":{"start":{"line":41,"column":2},"end":{"line":41,"column":null}},"type":"default-arg","locations":[{"start":{"line":41,"column":20},"end":{"line":41,"column":null}}],"line":41},"2":{"loc":{"start":{"line":60,"column":9},"end":{"line":74,"column":null}},"type":"binary-expr","locations":[{"start":{"line":60,"column":9},"end":{"line":60,"column":null}},{"start":{"line":61,"column":10},"end":{"line":74,"column":null}}],"line":60}},"s":{"0":0,"1":0,"2":0,"3":0,"4":0,"5":0,"6":0,"7":0,"8":0,"9":0},"f":{"0":0,"1":0,"2":0,"3":0,"4":0,"5":0,"6":0,"7":0,"8":0,"9":0},"b":{"0":[0],"1":[0],"2":[0,0]},"meta":{"lastBranch":3,"lastFunction":10,"lastStatement":10,"seen":{"f:8:9:8:15":0,"s:9:2:9:Infinity":0,"f:12:9:12:22":1,"s:13:2:13:Infinity":1,"f:16:9:16:20":2,"s:17:2:17:Infinity":2,"f:20:9:20:21":3,"s:21:2:21:Infinity":3,"f:24:9:24:22":4,"s:25:2:33:Infinity":4,"f:37:9:37:22":5,"b:40:9:40:Infinity":0,"b:41:20:41:Infinity":1,"s:47:2:77:Infinity":5,"b:60:9:60:Infinity:61:10:74:Infinity":2,"f:81:9:81:21":6,"s:82:2:87:Infinity":6,"f:91:9:91:21":7,"s:92:2:97:Infinity":7,"f:101:9:101:20":8,"s:102:2:110:Infinity":8,"f:114:9:114:26":9,"s:118:2:123:Infinity":9}}}
,"D:\\Proyectos VS CODE\\Cielo_Estrellado\\Cielo-Estrellado-v3\\frontend\\src\\domain\\economy.ts": {"path":"D:\\Proyectos VS CODE\\Cielo_Estrellado\\Cielo-Estrellado-v3\\frontend\\src\\domain\\economy.ts","statementMap":{"0":{"start":{"line":1,"column":34},"end":{"line":1,"column":null}},"1":{"start":{"line":2,"column":36},"end":{"line":2,"column":null}},"2":{"start":{"line":3,"column":32},"end":{"line":3,"column":null}},"3":{"start":{"line":4,"column":30},"end":{"line":4,"column":null}},"4":{"start":{"line":5,"column":31},"end":{"line":5,"column":null}},"5":{"start":{"line":6,"column":38},"end":{"line":6,"column":null}},"6":{"start":{"line":7,"column":28},"end":{"line":7,"column":null}},"7":{"start":{"line":8,"column":29},"end":{"line":8,"column":null}},"8":{"start":{"line":9,"column":40},"end":{"line":9,"column":null}},"9":{"start":{"line":10,"column":42},"end":{"line":10,"column":null}}},"fnMap":{},"branchMap":{},"s":{"0":1,"1":1,"2":1,"3":1,"4":1,"5":1,"6":1,"7":1,"8":1,"9":1},"f":{},"b":{},"meta":{"lastBranch":0,"lastFunction":0,"lastStatement":10,"seen":{"s:1:34:1:Infinity":0,"s:2:36:2:Infinity":1,"s:3:32:3:Infinity":2,"s:4:30:4:Infinity":3,"s:5:31:5:Infinity":4,"s:6:38:6:Infinity":5,"s:7:28:7:Infinity":6,"s:8:29:8:Infinity":7,"s:9:40:9:Infinity":8,"s:10:42:10:Infinity":9}}}
,"D:\\Proyectos VS CODE\\Cielo_Estrellado\\Cielo-Estrellado-v3\\frontend\\src\\domain\\themes.ts": {"path":"D:\\Proyectos VS CODE\\Cielo_Estrellado\\Cielo-Estrellado-v3\\frontend\\src\\domain\\themes.ts","statementMap":{"0":{"start":{"line":10,"column":48},"end":{"line":171,"column":null}},"1":{"start":{"line":174,"column":2},"end":{"line":174,"column":null}},"2":{"start":{"line":174,"column":41},"end":{"line":174,"column":null}},"3":{"start":{"line":175,"column":16},"end":{"line":175,"column":null}},"4":{"start":{"line":176,"column":2},"end":{"line":176,"column":null}},"5":{"start":{"line":176,"column":14},"end":{"line":176,"column":null}},"6":{"start":{"line":177,"column":2},"end":{"line":177,"column":null}},"7":{"start":{"line":181,"column":2},"end":{"line":181,"column":null}},"8":{"start":{"line":185,"column":2},"end":{"line":185,"column":null}}},"fnMap":{"0":{"name":"getThemeById","decl":{"start":{"line":173,"column":16},"end":{"line":173,"column":29}},"loc":{"start":{"line":173,"column":73},"end":{"line":178,"column":null}},"line":173},"1":{"name":"getAllThemes","decl":{"start":{"line":180,"column":16},"end":{"line":180,"column":50}},"loc":{"start":{"line":180,"column":50},"end":{"line":182,"column":null}},"line":180},"2":{"name":"getThemeDefinition","decl":{"start":{"line":184,"column":16},"end":{"line":184,"column":35}},"loc":{"start":{"line":184,"column":76},"end":{"line":186,"column":null}},"line":184}},"branchMap":{"0":{"loc":{"start":{"line":174,"column":2},"end":{"line":174,"column":null}},"type":"if","locations":[{"start":{"line":174,"column":2},"end":{"line":174,"column":null}},{"start":{},"end":{}}],"line":174},"1":{"loc":{"start":{"line":174,"column":6},"end":{"line":174,"column":41}},"type":"binary-expr","locations":[{"start":{"line":174,"column":6},"end":{"line":174,"column":18}},{"start":{"line":174,"column":18},"end":{"line":174,"column":41}}],"line":174},"2":{"loc":{"start":{"line":176,"column":2},"end":{"line":176,"column":null}},"type":"if","locations":[{"start":{"line":176,"column":2},"end":{"line":176,"column":null}},{"start":{},"end":{}}],"line":176},"3":{"loc":{"start":{"line":185,"column":9},"end":{"line":185,"column":null}},"type":"binary-expr","locations":[{"start":{"line":185,"column":9},"end":{"line":185,"column":28}},{"start":{"line":185,"column":28},"end":{"line":185,"column":null}}],"line":185}},"s":{"0":1,"1":4,"2":2,"3":2,"4":2,"5":1,"6":1,"7":3,"8":1},"f":{"0":4,"1":3,"2":1},"b":{"0":[2,2],"1":[4,3],"2":[1,1],"3":[1,0]},"meta":{"lastBranch":4,"lastFunction":3,"lastStatement":9,"seen":{"s:10:48:171:Infinity":0,"f:173:16:173:29":0,"b:174:2:174:Infinity:undefined:undefined:undefined:undefined":0,"s:174:2:174:Infinity":1,"b:174:6:174:18:174:18:174:41":1,"s:174:41:174:Infinity":2,"s:175:16:175:Infinity":3,"b:176:2:176:Infinity:undefined:undefined:undefined:undefined":2,"s:176:2:176:Infinity":4,"s:176:14:176:Infinity":5,"s:177:2:177:Infinity":6,"f:180:16:180:50":1,"s:181:2:181:Infinity":7,"f:184:16:184:35":2,"s:185:2:185:Infinity":8,"b:185:9:185:28:185:28:185:Infinity":3}}}
,"D:\\Proyectos VS CODE\\Cielo_Estrellado\\Cielo-Estrellado-v3\\frontend\\src\\hooks\\useUserEconomy.ts": {"path":"D:\\Proyectos VS CODE\\Cielo_Estrellado\\Cielo-Estrellado-v3\\frontend\\src\\hooks\\useUserEconomy.ts","statementMap":{"0":{"start":{"line":24,"column":37},"end":{"line":24,"column":null}},"1":{"start":{"line":25,"column":28},"end":{"line":25,"column":null}},"2":{"start":{"line":26,"column":28},"end":{"line":26,"column":null}},"3":{"start":{"line":27,"column":24},"end":{"line":27,"column":null}},"4":{"start":{"line":28,"column":34},"end":{"line":28,"column":null}},"5":{"start":{"line":30,"column":2},"end":{"line":57,"column":null}},"6":{"start":{"line":31,"column":4},"end":{"line":31,"column":null}},"7":{"start":{"line":31,"column":21},"end":{"line":31,"column":null}},"8":{"start":{"line":33,"column":4},"end":{"line":36,"column":null}},"9":{"start":{"line":34,"column":6},"end":{"line":34,"column":null}},"10":{"start":{"line":35,"column":6},"end":{"line":35,"column":null}},"11":{"start":{"line":38,"column":20},"end":{"line":38,"column":null}},"12":{"start":{"line":39,"column":4},"end":{"line":39,"column":null}},"13":{"start":{"line":40,"column":4},"end":{"line":40,"column":null}},"14":{"start":{"line":42,"column":4},"end":{"line":54,"column":null}},"15":{"start":{"line":44,"column":8},"end":{"line":44,"column":null}},"16":{"start":{"line":44,"column":23},"end":{"line":44,"column":null}},"17":{"start":{"line":45,"column":8},"end":{"line":45,"column":null}},"18":{"start":{"line":48,"column":8},"end":{"line":48,"column":null}},"19":{"start":{"line":48,"column":23},"end":{"line":48,"column":null}},"20":{"start":{"line":49,"column":8},"end":{"line":49,"column":null}},"21":{"start":{"line":50,"column":8},"end":{"line":50,"column":null}},"22":{"start":{"line":53,"column":8},"end":{"line":53,"column":null}},"23":{"start":{"line":53,"column":24},"end":{"line":53,"column":null}},"24":{"start":{"line":56,"column":4},"end":{"line":56,"column":null}},"25":{"start":{"line":56,"column":19},"end":{"line":56,"column":36}},"26":{"start":{"line":59,"column":8},"end":{"line":61,"column":null}},"27":{"start":{"line":60,"column":4},"end":{"line":60,"column":null}},"28":{"start":{"line":60,"column":25},"end":{"line":60,"column":30}},"29":{"start":{"line":63,"column":8},"end":{"line":65,"column":null}},"30":{"start":{"line":64,"column":4},"end":{"line":64,"column":null}},"31":{"start":{"line":64,"column":25},"end":{"line":64,"column":84}},"32":{"start":{"line":67,"column":2},"end":{"line":67,"column":null}}},"fnMap":{"0":{"name":"useUserEconomy","decl":{"start":{"line":23,"column":16},"end":{"line":23,"column":33}},"loc":{"start":{"line":23,"column":33},"end":{"line":68,"column":null}},"line":23},"1":{"name":"(anonymous_1)","decl":{"start":{"line":30,"column":12},"end":{"line":30,"column":18}},"loc":{"start":{"line":30,"column":18},"end":{"line":57,"column":5}},"line":30},"2":{"name":"(anonymous_2)","decl":{"start":{"line":43,"column":12},"end":{"line":43,"column":13}},"loc":{"start":{"line":43,"column":21},"end":{"line":46,"column":7}},"line":43},"3":{"name":"(anonymous_3)","decl":{"start":{"line":47,"column":13},"end":{"line":47,"column":14}},"loc":{"start":{"line":47,"column":22},"end":{"line":51,"column":7}},"line":47},"4":{"name":"(anonymous_4)","decl":{"start":{"line":52,"column":15},"end":{"line":52,"column":21}},"loc":{"start":{"line":52,"column":21},"end":{"line":54,"column":7}},"line":52},"5":{"name":"(anonymous_5)","decl":{"start":{"line":56,"column":11},"end":{"line":56,"column":17}},"loc":{"start":{"line":56,"column":17},"end":{"line":56,"column":null}},"line":56},"6":{"name":"(anonymous_6)","decl":{"start":{"line":59,"column":30},"end":{"line":59,"column":36}},"loc":{"start":{"line":59,"column":36},"end":{"line":61,"column":5}},"line":59},"7":{"name":"(anonymous_7)","decl":{"start":{"line":60,"column":18},"end":{"line":60,"column":19}},"loc":{"start":{"line":60,"column":25},"end":{"line":60,"column":30}},"line":60},"8":{"name":"(anonymous_8)","decl":{"start":{"line":63,"column":34},"end":{"line":63,"column":35}},"loc":{"start":{"line":63,"column":54},"end":{"line":65,"column":5}},"line":63},"9":{"name":"(anonymous_9)","decl":{"start":{"line":64,"column":15},"end":{"line":64,"column":16}},"loc":{"start":{"line":64,"column":25},"end":{"line":64,"column":84}},"line":64}},"branchMap":{"0":{"loc":{"start":{"line":31,"column":4},"end":{"line":31,"column":null}},"type":"if","locations":[{"start":{"line":31,"column":4},"end":{"line":31,"column":null}},{"start":{},"end":{}}],"line":31},"1":{"loc":{"start":{"line":33,"column":4},"end":{"line":36,"column":null}},"type":"if","locations":[{"start":{"line":33,"column":4},"end":{"line":36,"column":null}},{"start":{},"end":{}}],"line":33},"2":{"loc":{"start":{"line":44,"column":8},"end":{"line":44,"column":null}},"type":"if","locations":[{"start":{"line":44,"column":8},"end":{"line":44,"column":null}},{"start":{},"end":{}}],"line":44},"3":{"loc":{"start":{"line":48,"column":8},"end":{"line":48,"column":null}},"type":"if","locations":[{"start":{"line":48,"column":8},"end":{"line":48,"column":null}},{"start":{},"end":{}}],"line":48},"4":{"loc":{"start":{"line":49,"column":17},"end":{"line":49,"column":68}},"type":"cond-expr","locations":[{"start":{"line":49,"column":40},"end":{"line":49,"column":46}},{"start":{"line":49,"column":46},"end":{"line":49,"column":68}}],"line":49},"5":{"loc":{"start":{"line":53,"column":8},"end":{"line":53,"column":null}},"type":"if","locations":[{"start":{"line":53,"column":8},"end":{"line":53,"column":null}},{"start":{},"end":{}}],"line":53},"6":{"loc":{"start":{"line":64,"column":25},"end":{"line":64,"column":84}},"type":"cond-expr","locations":[{"start":{"line":64,"column":32},"end":{"line":64,"column":80}},{"start":{"line":64,"column":80},"end":{"line":64,"column":84}}],"line":64}},"s":{"0":14,"1":14,"2":14,"3":14,"4":14,"5":14,"6":6,"7":0,"8":6,"9":1,"10":1,"11":5,"12":5,"13":5,"14":5,"15":4,"16":0,"17":4,"18":1,"19":0,"20":1,"21":1,"22":5,"23":5,"24":5,"25":5,"26":14,"27":1,"28":1,"29":14,"30":1,"31":1,"32":14},"f":{"0":14,"1":6,"2":4,"3":1,"4":5,"5":5,"6":1,"7":1,"8":1,"9":1},"b":{"0":[0,6],"1":[1,5],"2":[0,4],"3":[0,1],"4":[1,0],"5":[5,0],"6":[1,0]},"meta":{"lastBranch":7,"lastFunction":10,"lastStatement":33,"seen":{"f:23:16:23:33":0,"s:24:37:24:Infinity":0,"s:25:28:25:Infinity":1,"s:26:28:26:Infinity":2,"s:27:24:27:Infinity":3,"s:28:34:28:Infinity":4,"s:30:2:57:Infinity":5,"f:30:12:30:18":1,"b:31:4:31:Infinity:undefined:undefined:undefined:undefined":0,"s:31:4:31:Infinity":6,"s:31:21:31:Infinity":7,"b:33:4:36:Infinity:undefined:undefined:undefined:undefined":1,"s:33:4:36:Infinity":8,"s:34:6:34:Infinity":9,"s:35:6:35:Infinity":10,"s:38:20:38:Infinity":11,"s:39:4:39:Infinity":12,"s:40:4:40:Infinity":13,"s:42:4:54:Infinity":14,"f:43:12:43:13":2,"b:44:8:44:Infinity:undefined:undefined:undefined:undefined":2,"s:44:8:44:Infinity":15,"s:44:23:44:Infinity":16,"s:45:8:45:Infinity":17,"f:47:13:47:14":3,"b:48:8:48:Infinity:undefined:undefined:undefined:undefined":3,"s:48:8:48:Infinity":18,"s:48:23:48:Infinity":19,"s:49:8:49:Infinity":20,"b:49:40:49:46:49:46:49:68":4,"s:50:8:50:Infinity":21,"f:52:15:52:21":4,"b:53:8:53:Infinity:undefined:undefined:undefined:undefined":5,"s:53:8:53:Infinity":22,"s:53:24:53:Infinity":23,"s:56:4:56:Infinity":24,"f:56:11:56:17":5,"s:56:19:56:36":25,"s:59:8:61:Infinity":26,"f:59:30:59:36":6,"s:60:4:60:Infinity":27,"f:60:18:60:19":7,"s:60:25:60:30":28,"s:63:8:65:Infinity":29,"f:63:34:63:35":8,"s:64:4:64:Infinity":30,"f:64:15:64:16":9,"s:64:25:64:84":31,"b:64:32:64:80:64:80:64:84":6,"s:67:2:67:Infinity":32}}}
,"D:\\Proyectos VS CODE\\Cielo_Estrellado\\Cielo-Estrellado-v3\\frontend\\src\\lib\\utils.ts": {"path":"D:\\Proyectos VS CODE\\Cielo_Estrellado\\Cielo-Estrellado-v3\\frontend\\src\\lib\\utils.ts","statementMap":{"0":{"start":{"line":5,"column":2},"end":{"line":5,"column":null}}},"fnMap":{"0":{"name":"cn","decl":{"start":{"line":4,"column":16},"end":{"line":4,"column":22}},"loc":{"start":{"line":4,"column":44},"end":{"line":6,"column":null}},"line":4}},"branchMap":{},"s":{"0":0},"f":{"0":0},"b":{},"meta":{"lastBranch":0,"lastFunction":1,"lastStatement":1,"seen":{"f:4:16:4:22":0,"s:5:2:5:Infinity":0}}}
,"D:\\Proyectos VS CODE\\Cielo_Estrellado\\Cielo-Estrellado-v3\\frontend\\src\\lib\\api\\client.ts": {"path":"D:\\Proyectos VS CODE\\Cielo_Estrellado\\Cielo-Estrellado-v3\\frontend\\src\\lib\\api\\client.ts","statementMap":{"0":{"start":{"line":8,"column":4},"end":{"line":8,"column":null}},"1":{"start":{"line":5,"column":11},"end":{"line":5,"column":null}},"2":{"start":{"line":9,"column":4},"end":{"line":9,"column":null}},"3":{"start":{"line":17,"column":16},"end":{"line":17,"column":null}},"4":{"start":{"line":19,"column":42},"end":{"line":21,"column":null}},"5":{"start":{"line":23,"column":2},"end":{"line":25,"column":null}},"6":{"start":{"line":24,"column":4},"end":{"line":24,"column":null}},"7":{"start":{"line":27,"column":2},"end":{"line":29,"column":null}},"8":{"start":{"line":28,"column":4},"end":{"line":28,"column":null}},"9":{"start":{"line":31,"column":19},"end":{"line":34,"column":null}},"10":{"start":{"line":36,"column":2},"end":{"line":39,"column":null}},"11":{"start":{"line":37,"column":17},"end":{"line":37,"column":null}},"12":{"start":{"line":37,"column":51},"end":{"line":37,"column":70}},"13":{"start":{"line":38,"column":4},"end":{"line":38,"column":null}},"14":{"start":{"line":41,"column":2},"end":{"line":41,"column":null}},"15":{"start":{"line":41,"column":31},"end":{"line":41,"column":null}},"16":{"start":{"line":43,"column":2},"end":{"line":43,"column":null}}},"fnMap":{"0":{"name":"(anonymous_0)","decl":{"start":{"line":4,"column":2},"end":{"line":4,"column":null}},"loc":{"start":{"line":7,"column":4},"end":{"line":10,"column":null}},"line":7},"1":{"name":"api","decl":{"start":{"line":13,"column":22},"end":{"line":13,"column":null}},"loc":{"start":{"line":16,"column":14},"end":{"line":44,"column":null}},"line":16},"2":{"name":"(anonymous_2)","decl":{"start":{"line":37,"column":45},"end":{"line":37,"column":51}},"loc":{"start":{"line":37,"column":51},"end":{"line":37,"column":70}},"line":37}},"branchMap":{"0":{"loc":{"start":{"line":15,"column":2},"end":{"line":15,"column":null}},"type":"default-arg","locations":[{"start":{"line":15,"column":25},"end":{"line":15,"column":null}}],"line":15},"1":{"loc":{"start":{"line":23,"column":2},"end":{"line":25,"column":null}},"type":"if","locations":[{"start":{"line":23,"column":2},"end":{"line":25,"column":null}},{"start":{},"end":{}}],"line":23},"2":{"loc":{"start":{"line":27,"column":2},"end":{"line":29,"column":null}},"type":"if","locations":[{"start":{"line":27,"column":2},"end":{"line":29,"column":null}},{"start":{},"end":{}}],"line":27},"3":{"loc":{"start":{"line":27,"column":6},"end":{"line":27,"column":56}},"type":"binary-expr","locations":[{"start":{"line":27,"column":6},"end":{"line":27,"column":22}},{"start":{"line":27,"column":22},"end":{"line":27,"column":56}}],"line":27},"4":{"loc":{"start":{"line":28,"column":30},"end":{"line":28,"column":null}},"type":"binary-expr","locations":[{"start":{"line":28,"column":30},"end":{"line":28,"column":57}},{"start":{"line":28,"column":57},"end":{"line":28,"column":null}}],"line":28},"5":{"loc":{"start":{"line":36,"column":2},"end":{"line":39,"column":null}},"type":"if","locations":[{"start":{"line":36,"column":2},"end":{"line":39,"column":null}},{"start":{},"end":{}}],"line":36},"6":{"loc":{"start":{"line":41,"column":2},"end":{"line":41,"column":null}},"type":"if","locations":[{"start":{"line":41,"column":2},"end":{"line":41,"column":null}},{"start":{},"end":{}}],"line":41}},"s":{"0":0,"1":0,"2":0,"3":0,"4":0,"5":0,"6":0,"7":0,"8":0,"9":0,"10":0,"11":0,"12":0,"13":0,"14":0,"15":0,"16":0},"f":{"0":0,"1":0,"2":0},"b":{"0":[0],"1":[0,0],"2":[0,0],"3":[0,0],"4":[0,0],"5":[0,0],"6":[0,0]},"meta":{"lastBranch":7,"lastFunction":3,"lastStatement":17,"seen":{"f:4:2:4:Infinity":0,"s:8:4:8:Infinity":0,"s:5:11:5:Infinity":1,"s:9:4:9:Infinity":2,"f:13:22:13:Infinity":1,"b:15:25:15:Infinity":0,"s:17:16:17:Infinity":3,"s:19:42:21:Infinity":4,"b:23:2:25:Infinity:undefined:undefined:undefined:undefined":1,"s:23:2:25:Infinity":5,"s:24:4:24:Infinity":6,"b:27:2:29:Infinity:undefined:undefined:undefined:undefined":2,"s:27:2:29:Infinity":7,"b:27:6:27:22:27:22:27:56":3,"s:28:4:28:Infinity":8,"b:28:30:28:57:28:57:28:Infinity":4,"s:31:19:34:Infinity":9,"b:36:2:39:Infinity:undefined:undefined:undefined:undefined":5,"s:36:2:39:Infinity":10,"s:37:17:37:Infinity":11,"f:37:45:37:51":2,"s:37:51:37:70":12,"s:38:4:38:Infinity":13,"b:41:2:41:Infinity:undefined:undefined:undefined:undefined":6,"s:41:2:41:Infinity":14,"s:41:31:41:Infinity":15,"s:43:2:43:Infinity":16}}}
,"D:\\Proyectos VS CODE\\Cielo_Estrellado\\Cielo-Estrellado-v3\\frontend\\src\\lib\\firebase\\client.ts": {"path":"D:\\Proyectos VS CODE\\Cielo_Estrellado\\Cielo-Estrellado-v3\\frontend\\src\\lib\\firebase\\client.ts","statementMap":{"0":{"start":{"line":6,"column":23},"end":{"line":13,"column":null}},"1":{"start":{"line":15,"column":6},"end":{"line":15,"column":null}},"2":{"start":{"line":17,"column":13},"end":{"line":17,"column":null}},"3":{"start":{"line":18,"column":13},"end":{"line":18,"column":null}},"4":{"start":{"line":19,"column":13},"end":{"line":19,"column":null}}},"fnMap":{},"branchMap":{"0":{"loc":{"start":{"line":15,"column":6},"end":{"line":15,"column":null}},"type":"cond-expr","locations":[{"start":{"line":15,"column":22},"end":{"line":15,"column":42}},{"start":{"line":15,"column":38},"end":{"line":15,"column":null}}],"line":15}},"s":{"0":1,"1":1,"2":1,"3":1,"4":1},"f":{},"b":{"0":[0,1]},"meta":{"lastBranch":1,"lastFunction":0,"lastStatement":5,"seen":{"s:6:23:13:Infinity":0,"s:15:6:15:Infinity":1,"b:15:22:15:42:15:38:15:Infinity":0,"s:17:13:17:Infinity":2,"s:18:13:18:Infinity":3,"s:19:13:19:Infinity":4}}}
}
