{"D:\\Proyectos VS CODE\\Cielo_Estrellado\\Cielo-Estrellado-v3\\functions\\src\\domain\\contracts.ts": {"path":"D:\\Proyectos VS CODE\\Cielo_Estrellado\\Cielo-Estrellado-v3\\functions\\src\\domain\\contracts.ts","statementMap":{"0":{"start":{"line":105,"column":63},"end":{"line":110,"column":null}}},"fnMap":{},"branchMap":{},"s":{"0":1},"f":{},"b":{},"meta":{"lastBranch":0,"lastFunction":0,"lastStatement":1,"seen":{"s:105:63:110:Infinity":0}}}
,"D:\\Proyectos VS CODE\\Cielo_Estrellado\\Cielo-Estrellado-v3\\functions\\src\\domain\\economyRules.ts": {"path":"D:\\Proyectos VS CODE\\Cielo_Estrellado\\Cielo-Estrellado-v3\\functions\\src\\domain\\economyRules.ts","statementMap":{"0":{"start":{"line":1,"column":34},"end":{"line":1,"column":null}},"1":{"start":{"line":2,"column":36},"end":{"line":2,"column":null}},"2":{"start":{"line":3,"column":32},"end":{"line":3,"column":null}},"3":{"start":{"line":4,"column":30},"end":{"line":4,"column":null}},"4":{"start":{"line":5,"column":31},"end":{"line":5,"column":null}},"5":{"start":{"line":6,"column":38},"end":{"line":6,"column":null}},"6":{"start":{"line":7,"column":28},"end":{"line":7,"column":null}},"7":{"start":{"line":8,"column":29},"end":{"line":8,"column":null}},"8":{"start":{"line":9,"column":40},"end":{"line":9,"column":null}},"9":{"start":{"line":10,"column":42},"end":{"line":10,"column":null}}},"fnMap":{},"branchMap":{},"s":{"0":5,"1":5,"2":5,"3":5,"4":5,"5":5,"6":5,"7":5,"8":5,"9":5},"f":{},"b":{},"meta":{"lastBranch":0,"lastFunction":0,"lastStatement":10,"seen":{"s:1:34:1:Infinity":0,"s:2:36:2:Infinity":1,"s:3:32:3:Infinity":2,"s:4:30:4:Infinity":3,"s:5:31:5:Infinity":4,"s:6:38:6:Infinity":5,"s:7:28:7:Infinity":6,"s:8:29:8:Infinity":7,"s:9:40:9:Infinity":8,"s:10:42:10:Infinity":9}}}
,"D:\\Proyectos VS CODE\\Cielo_Estrellado\\Cielo-Estrellado-v3\\functions\\src\\domain\\policies.ts": {"path":"D:\\Proyectos VS CODE\\Cielo_Estrellado\\Cielo-Estrellado-v3\\functions\\src\\domain\\policies.ts","statementMap":{"0":{"start":{"line":1,"column":37},"end":{"line":1,"column":null}},"1":{"start":{"line":2,"column":39},"end":{"line":2,"column":null}},"2":{"start":{"line":3,"column":36},"end":{"line":3,"column":null}},"3":{"start":{"line":4,"column":41},"end":{"line":4,"column":null}},"4":{"start":{"line":5,"column":40},"end":{"line":5,"column":null}},"5":{"start":{"line":6,"column":29},"end":{"line":6,"column":null}}},"fnMap":{},"branchMap":{},"s":{"0":2,"1":2,"2":2,"3":2,"4":2,"5":2},"f":{},"b":{},"meta":{"lastBranch":0,"lastFunction":0,"lastStatement":6,"seen":{"s:1:37:1:Infinity":0,"s:2:39:2:Infinity":1,"s:3:36:3:Infinity":2,"s:4:41:4:Infinity":3,"s:5:40:5:Infinity":4,"s:6:29:6:Infinity":5}}}
,"D:\\Proyectos VS CODE\\Cielo_Estrellado\\Cielo-Estrellado-v3\\functions\\src\\domain\\shopCatalog.ts": {"path":"D:\\Proyectos VS CODE\\Cielo_Estrellado\\Cielo-Estrellado-v3\\functions\\src\\domain\\shopCatalog.ts","statementMap":{"0":{"start":{"line":10,"column":40},"end":{"line":19,"column":null}},"1":{"start":{"line":22,"column":2},"end":{"line":22,"column":null}},"2":{"start":{"line":22,"column":35},"end":{"line":22,"column":58}},"3":{"start":{"line":26,"column":2},"end":{"line":26,"column":null}},"4":{"start":{"line":26,"column":37},"end":{"line":26,"column":64}}},"fnMap":{"0":{"name":"getShopItem","decl":{"start":{"line":21,"column":16},"end":{"line":21,"column":28}},"loc":{"start":{"line":21,"column":66},"end":{"line":22,"column":null}},"line":21},"1":{"name":"(anonymous_1)","decl":{"start":{"line":22,"column":22},"end":{"line":22,"column":27}},"loc":{"start":{"line":22,"column":35},"end":{"line":22,"column":58}},"line":22},"2":{"name":"getShopItemsByCategory","decl":{"start":{"line":25,"column":16},"end":{"line":25,"column":39}},"loc":{"start":{"line":25,"column":83},"end":{"line":26,"column":null}},"line":25},"3":{"name":"(anonymous_3)","decl":{"start":{"line":26,"column":22},"end":{"line":26,"column":29}},"loc":{"start":{"line":26,"column":37},"end":{"line":26,"column":64}},"line":26}},"branchMap":{},"s":{"0":3,"1":10,"2":45,"3":4,"4":32},"f":{"0":10,"1":45,"2":4,"3":32},"b":{},"meta":{"lastBranch":0,"lastFunction":4,"lastStatement":5,"seen":{"s:10:40:19:Infinity":0,"f:21:16:21:28":0,"s:22:2:22:Infinity":1,"f:22:22:22:27":1,"s:22:35:22:58":2,"f:25:16:25:39":2,"s:26:2:26:Infinity":3,"f:26:22:26:29":3,"s:26:37:26:64":4}}}
,"D:\\Proyectos VS CODE\\Cielo_Estrellado\\Cielo-Estrellado-v3\\functions\\src\\handlers\\economy.ts": {"path":"D:\\Proyectos VS CODE\\Cielo_Estrellado\\Cielo-Estrellado-v3\\functions\\src\\handlers\\economy.ts","statementMap":{"0":{"start":{"line":15,"column":12},"end":{"line":15,"column":92}},"1":{"start":{"line":16,"column":2},"end":{"line":16,"column":null}},"2":{"start":{"line":17,"column":20},"end":{"line":17,"column":64}},"3":{"start":{"line":18,"column":17},"end":{"line":18,"column":84}},"4":{"start":{"line":19,"column":2},"end":{"line":19,"column":null}},"5":{"start":{"line":23,"column":12},"end":{"line":23,"column":45}},"6":{"start":{"line":24,"column":2},"end":{"line":24,"column":null}},"7":{"start":{"line":25,"column":2},"end":{"line":25,"column":null}},"8":{"start":{"line":29,"column":2},"end":{"line":214,"column":null}},"9":{"start":{"line":30,"column":20},"end":{"line":30,"column":50}},"10":{"start":{"line":31,"column":20},"end":{"line":31,"column":59}},"11":{"start":{"line":32,"column":16},"end":{"line":32,"column":26}},"12":{"start":{"line":33,"column":21},"end":{"line":33,"column":51}},"13":{"start":{"line":34,"column":24},"end":{"line":34,"column":39}},"14":{"start":{"line":35,"column":19},"end":{"line":35,"column":36}},"15":{"start":{"line":37,"column":23},"end":{"line":37,"column":null}},"16":{"start":{"line":38,"column":24},"end":{"line":38,"column":null}},"17":{"start":{"line":39,"column":24},"end":{"line":39,"column":null}},"18":{"start":{"line":40,"column":21},"end":{"line":40,"column":null}},"19":{"start":{"line":42,"column":19},"end":{"line":138,"column":null}},"20":{"start":{"line":44,"column":6},"end":{"line":44,"column":null}},"21":{"start":{"line":45,"column":6},"end":{"line":45,"column":null}},"22":{"start":{"line":46,"column":6},"end":{"line":46,"column":null}},"23":{"start":{"line":47,"column":6},"end":{"line":47,"column":null}},"24":{"start":{"line":49,"column":23},"end":{"line":49,"column":53}},"25":{"start":{"line":51,"column":6},"end":{"line":52,"column":null}},"26":{"start":{"line":52,"column":8},"end":{"line":52,"column":null}},"27":{"start":{"line":55,"column":22},"end":{"line":55,"column":37}},"28":{"start":{"line":57,"column":23},"end":{"line":57,"column":null}},"29":{"start":{"line":58,"column":26},"end":{"line":58,"column":null}},"30":{"start":{"line":59,"column":29},"end":{"line":59,"column":null}},"31":{"start":{"line":60,"column":34},"end":{"line":60,"column":null}},"32":{"start":{"line":61,"column":30},"end":{"line":61,"column":null}},"33":{"start":{"line":63,"column":6},"end":{"line":71,"column":null}},"34":{"start":{"line":64,"column":8},"end":{"line":71,"column":null}},"35":{"start":{"line":75,"column":6},"end":{"line":75,"column":null}},"36":{"start":{"line":79,"column":30},"end":{"line":79,"column":null}},"37":{"start":{"line":80,"column":24},"end":{"line":80,"column":46}},"38":{"start":{"line":82,"column":6},"end":{"line":86,"column":null}},"39":{"start":{"line":83,"column":8},"end":{"line":83,"column":null}},"40":{"start":{"line":85,"column":8},"end":{"line":85,"column":null}},"41":{"start":{"line":86,"column":8},"end":{"line":86,"column":null}},"42":{"start":{"line":88,"column":6},"end":{"line":88,"column":null}},"43":{"start":{"line":91,"column":6},"end":{"line":94,"column":null}},"44":{"start":{"line":92,"column":8},"end":{"line":92,"column":null}},"45":{"start":{"line":93,"column":17},"end":{"line":94,"column":null}},"46":{"start":{"line":94,"column":8},"end":{"line":94,"column":null}},"47":{"start":{"line":98,"column":31},"end":{"line":98,"column":null}},"48":{"start":{"line":99,"column":6},"end":{"line":101,"column":null}},"49":{"start":{"line":100,"column":8},"end":{"line":100,"column":null}},"50":{"start":{"line":101,"column":8},"end":{"line":101,"column":null}},"51":{"start":{"line":104,"column":27},"end":{"line":104,"column":null}},"52":{"start":{"line":105,"column":26},"end":{"line":105,"column":null}},"53":{"start":{"line":107,"column":53},"end":{"line":113,"column":null}},"54":{"start":{"line":115,"column":27},"end":{"line":115,"column":null}},"55":{"start":{"line":116,"column":29},"end":{"line":116,"column":null}},"56":{"start":{"line":118,"column":6},"end":{"line":120,"column":null}},"57":{"start":{"line":119,"column":8},"end":{"line":119,"column":null}},"58":{"start":{"line":120,"column":8},"end":{"line":120,"column":null}},"59":{"start":{"line":123,"column":6},"end":{"line":125,"column":null}},"60":{"start":{"line":124,"column":8},"end":{"line":124,"column":null}},"61":{"start":{"line":125,"column":8},"end":{"line":125,"column":null}},"62":{"start":{"line":128,"column":6},"end":{"line":128,"column":null}},"63":{"start":{"line":130,"column":6},"end":{"line":137,"column":null}},"64":{"start":{"line":140,"column":4},"end":{"line":142,"column":null}},"65":{"start":{"line":141,"column":6},"end":{"line":141,"column":null}},"66":{"start":{"line":142,"column":6},"end":{"line":142,"column":null}},"67":{"start":{"line":146,"column":53},"end":{"line":146,"column":55}},"68":{"start":{"line":148,"column":4},"end":{"line":157,"column":null}},"69":{"start":{"line":149,"column":36},"end":{"line":156,"column":null}},"70":{"start":{"line":157,"column":6},"end":{"line":157,"column":null}},"71":{"start":{"line":160,"column":4},"end":{"line":169,"column":null}},"72":{"start":{"line":161,"column":36},"end":{"line":168,"column":null}},"73":{"start":{"line":169,"column":6},"end":{"line":169,"column":null}},"74":{"start":{"line":172,"column":4},"end":{"line":181,"column":null}},"75":{"start":{"line":173,"column":36},"end":{"line":180,"column":null}},"76":{"start":{"line":181,"column":6},"end":{"line":181,"column":null}},"77":{"start":{"line":185,"column":4},"end":{"line":188,"column":null}},"78":{"start":{"line":186,"column":6},"end":{"line":186,"column":null}},"79":{"start":{"line":188,"column":6},"end":{"line":188,"column":null}},"80":{"start":{"line":192,"column":26},"end":{"line":192,"column":69}},"81":{"start":{"line":194,"column":39},"end":{"line":195,"column":null}},"82":{"start":{"line":195,"column":38},"end":{"line":195,"column":48}},"83":{"start":{"line":198,"column":4},"end":{"line":211,"column":null}},"84":{"start":{"line":213,"column":4},"end":{"line":213,"column":null}},"85":{"start":{"line":214,"column":4},"end":{"line":214,"column":null}},"86":{"start":{"line":219,"column":2},"end":{"line":261,"column":null}},"87":{"start":{"line":220,"column":20},"end":{"line":220,"column":50}},"88":{"start":{"line":221,"column":20},"end":{"line":221,"column":59}},"89":{"start":{"line":223,"column":21},"end":{"line":223,"column":null}},"90":{"start":{"line":224,"column":18},"end":{"line":224,"column":76}},"91":{"start":{"line":225,"column":19},"end":{"line":225,"column":null}},"92":{"start":{"line":227,"column":16},"end":{"line":230,"column":19}},"93":{"start":{"line":232,"column":4},"end":{"line":235,"column":null}},"94":{"start":{"line":233,"column":24},"end":{"line":233,"column":82}},"95":{"start":{"line":234,"column":6},"end":{"line":235,"column":null}},"96":{"start":{"line":235,"column":8},"end":{"line":235,"column":null}},"97":{"start":{"line":239,"column":17},"end":{"line":239,"column":34}},"98":{"start":{"line":241,"column":25},"end":{"line":252,"column":null}},"99":{"start":{"line":242,"column":19},"end":{"line":242,"column":29}},"100":{"start":{"line":243,"column":6},"end":{"line":251,"column":null}},"101":{"start":{"line":254,"column":23},"end":{"line":256,"column":null}},"102":{"start":{"line":258,"column":4},"end":{"line":258,"column":null}},"103":{"start":{"line":260,"column":4},"end":{"line":260,"column":null}},"104":{"start":{"line":261,"column":4},"end":{"line":261,"column":null}}},"fnMap":{"0":{"name":"getISOWeek","decl":{"start":{"line":14,"column":9},"end":{"line":14,"column":20}},"loc":{"start":{"line":14,"column":40},"end":{"line":19,"column":null}},"line":14},"1":{"name":"getYesterday","decl":{"start":{"line":22,"column":9},"end":{"line":22,"column":22}},"loc":{"start":{"line":22,"column":48},"end":{"line":25,"column":null}},"line":22},"2":{"name":"getEconomy","decl":{"start":{"line":28,"column":22},"end":{"line":28,"column":33}},"loc":{"start":{"line":28,"column":77},"end":{"line":214,"column":null}},"line":28},"3":{"name":"(anonymous_3)","decl":{"start":{"line":42,"column":43},"end":{"line":42,"column":50}},"loc":{"start":{"line":42,"column":79},"end":{"line":138,"column":null}},"line":42},"4":{"name":"(anonymous_4)","decl":{"start":{"line":194,"column":58},"end":{"line":194,"column":null}},"loc":{"start":{"line":195,"column":38},"end":{"line":195,"column":48}},"line":195},"5":{"name":"getTransactions","decl":{"start":{"line":218,"column":22},"end":{"line":218,"column":38}},"loc":{"start":{"line":218,"column":82},"end":{"line":261,"column":null}},"line":218},"6":{"name":"(anonymous_6)","decl":{"start":{"line":241,"column":35},"end":{"line":241,"column":40}},"loc":{"start":{"line":241,"column":71},"end":{"line":252,"column":null}},"line":241}},"branchMap":{"0":{"loc":{"start":{"line":16,"column":37},"end":{"line":16,"column":57}},"type":"binary-expr","locations":[{"start":{"line":16,"column":37},"end":{"line":16,"column":50}},{"start":{"line":16,"column":54},"end":{"line":16,"column":57}}],"line":16},"1":{"loc":{"start":{"line":51,"column":6},"end":{"line":52,"column":null}},"type":"if","locations":[{"start":{"line":51,"column":6},"end":{"line":52,"column":null}},{"start":{},"end":{}}],"line":51},"2":{"loc":{"start":{"line":57,"column":23},"end":{"line":57,"column":null}},"type":"cond-expr","locations":[{"start":{"line":57,"column":62},"end":{"line":57,"column":81}},{"start":{"line":57,"column":81},"end":{"line":57,"column":null}}],"line":57},"3":{"loc":{"start":{"line":58,"column":26},"end":{"line":58,"column":null}},"type":"cond-expr","locations":[{"start":{"line":58,"column":68},"end":{"line":58,"column":90}},{"start":{"line":58,"column":90},"end":{"line":58,"column":null}}],"line":58},"4":{"loc":{"start":{"line":59,"column":29},"end":{"line":59,"column":null}},"type":"cond-expr","locations":[{"start":{"line":59,"column":74},"end":{"line":59,"column":99}},{"start":{"line":59,"column":99},"end":{"line":59,"column":null}}],"line":59},"5":{"loc":{"start":{"line":60,"column":34},"end":{"line":60,"column":null}},"type":"cond-expr","locations":[{"start":{"line":60,"column":84},"end":{"line":60,"column":114}},{"start":{"line":60,"column":114},"end":{"line":60,"column":null}}],"line":60},"6":{"loc":{"start":{"line":61,"column":30},"end":{"line":61,"column":null}},"type":"cond-expr","locations":[{"start":{"line":61,"column":76},"end":{"line":61,"column":102}},{"start":{"line":61,"column":102},"end":{"line":61,"column":null}}],"line":61},"7":{"loc":{"start":{"line":63,"column":6},"end":{"line":71,"column":null}},"type":"if","locations":[{"start":{"line":63,"column":6},"end":{"line":71,"column":null}},{"start":{},"end":{}}],"line":63},"8":{"loc":{"start":{"line":82,"column":6},"end":{"line":86,"column":null}},"type":"if","locations":[{"start":{"line":82,"column":6},"end":{"line":86,"column":null}},{"start":{"line":84,"column":13},"end":{"line":86,"column":null}}],"line":82},"9":{"loc":{"start":{"line":91,"column":6},"end":{"line":94,"column":null}},"type":"if","locations":[{"start":{"line":91,"column":6},"end":{"line":94,"column":null}},{"start":{"line":93,"column":17},"end":{"line":94,"column":null}}],"line":91},"10":{"loc":{"start":{"line":93,"column":17},"end":{"line":94,"column":null}},"type":"if","locations":[{"start":{"line":93,"column":17},"end":{"line":94,"column":null}},{"start":{},"end":{}}],"line":93},"11":{"loc":{"start":{"line":99,"column":6},"end":{"line":101,"column":null}},"type":"if","locations":[{"start":{"line":99,"column":6},"end":{"line":101,"column":null}},{"start":{},"end":{}}],"line":99},"12":{"loc":{"start":{"line":115,"column":27},"end":{"line":115,"column":null}},"type":"cond-expr","locations":[{"start":{"line":115,"column":78},"end":{"line":115,"column":109}},{"start":{"line":115,"column":109},"end":{"line":115,"column":null}}],"line":115},"13":{"loc":{"start":{"line":116,"column":29},"end":{"line":116,"column":null}},"type":"cond-expr","locations":[{"start":{"line":116,"column":80},"end":{"line":116,"column":111}},{"start":{"line":116,"column":111},"end":{"line":116,"column":null}}],"line":116},"14":{"loc":{"start":{"line":118,"column":6},"end":{"line":120,"column":null}},"type":"if","locations":[{"start":{"line":118,"column":6},"end":{"line":120,"column":null}},{"start":{},"end":{}}],"line":118},"15":{"loc":{"start":{"line":123,"column":6},"end":{"line":125,"column":null}},"type":"if","locations":[{"start":{"line":123,"column":6},"end":{"line":125,"column":null}},{"start":{},"end":{}}],"line":123},"16":{"loc":{"start":{"line":140,"column":4},"end":{"line":142,"column":null}},"type":"if","locations":[{"start":{"line":140,"column":4},"end":{"line":142,"column":null}},{"start":{},"end":{}}],"line":140},"17":{"loc":{"start":{"line":148,"column":4},"end":{"line":157,"column":null}},"type":"if","locations":[{"start":{"line":148,"column":4},"end":{"line":157,"column":null}},{"start":{},"end":{}}],"line":148},"18":{"loc":{"start":{"line":160,"column":4},"end":{"line":169,"column":null}},"type":"if","locations":[{"start":{"line":160,"column":4},"end":{"line":169,"column":null}},{"start":{},"end":{}}],"line":160},"19":{"loc":{"start":{"line":172,"column":4},"end":{"line":181,"column":null}},"type":"if","locations":[{"start":{"line":172,"column":4},"end":{"line":181,"column":null}},{"start":{},"end":{}}],"line":172},"20":{"loc":{"start":{"line":176,"column":16},"end":{"line":176,"column":null}},"type":"cond-expr","locations":[{"start":{"line":176,"column":35},"end":{"line":176,"column":48}},{"start":{"line":176,"column":48},"end":{"line":176,"column":null}}],"line":176},"21":{"loc":{"start":{"line":188,"column":77},"end":{"line":188,"column":133}},"type":"cond-expr","locations":[{"start":{"line":188,"column":105},"end":{"line":188,"column":124}},{"start":{"line":188,"column":124},"end":{"line":188,"column":133}}],"line":188},"22":{"loc":{"start":{"line":223,"column":21},"end":{"line":223,"column":null}},"type":"cond-expr","locations":[{"start":{"line":223,"column":59},"end":{"line":223,"column":88}},{"start":{"line":223,"column":91},"end":{"line":223,"column":null}}],"line":223},"23":{"loc":{"start":{"line":224,"column":39},"end":{"line":224,"column":71}},"type":"cond-expr","locations":[{"start":{"line":224,"column":57},"end":{"line":224,"column":62}},{"start":{"line":224,"column":62},"end":{"line":224,"column":71}}],"line":224},"24":{"loc":{"start":{"line":225,"column":19},"end":{"line":225,"column":null}},"type":"cond-expr","locations":[{"start":{"line":225,"column":58},"end":{"line":225,"column":77}},{"start":{"line":225,"column":77},"end":{"line":225,"column":null}}],"line":225},"25":{"loc":{"start":{"line":232,"column":4},"end":{"line":235,"column":null}},"type":"if","locations":[{"start":{"line":232,"column":4},"end":{"line":235,"column":null}},{"start":{},"end":{}}],"line":232},"26":{"loc":{"start":{"line":234,"column":6},"end":{"line":235,"column":null}},"type":"if","locations":[{"start":{"line":234,"column":6},"end":{"line":235,"column":null}},{"start":{},"end":{}}],"line":234},"27":{"loc":{"start":{"line":248,"column":17},"end":{"line":248,"column":null}},"type":"binary-expr","locations":[{"start":{"line":248,"column":17},"end":{"line":248,"column":43}},{"start":{"line":248,"column":43},"end":{"line":248,"column":null}}],"line":248},"28":{"loc":{"start":{"line":254,"column":23},"end":{"line":256,"column":null}},"type":"cond-expr","locations":[{"start":{"line":255,"column":8},"end":{"line":255,"column":null}},{"start":{"line":256,"column":8},"end":{"line":256,"column":null}}],"line":254}},"s":{"0":14,"1":14,"2":14,"3":14,"4":14,"5":13,"6":13,"7":13,"8":14,"9":14,"10":14,"11":14,"12":14,"13":14,"14":14,"15":14,"16":14,"17":14,"18":14,"19":14,"20":15,"21":15,"22":15,"23":15,"24":15,"25":15,"26":1,"27":14,"28":14,"29":15,"30":15,"31":15,"32":15,"33":15,"34":1,"35":13,"36":13,"37":13,"38":13,"39":7,"40":6,"41":6,"42":13,"43":13,"44":1,"45":12,"46":1,"47":13,"48":13,"49":4,"50":4,"51":13,"52":13,"53":13,"54":13,"55":15,"56":15,"57":12,"58":12,"59":13,"60":12,"61":12,"62":13,"63":13,"64":14,"65":1,"66":1,"67":13,"68":13,"69":12,"70":12,"71":13,"72":3,"73":3,"74":13,"75":2,"76":2,"77":13,"78":13,"79":0,"80":13,"81":13,"82":0,"83":13,"84":0,"85":0,"86":3,"87":3,"88":3,"89":3,"90":3,"91":3,"92":3,"93":3,"94":0,"95":0,"96":0,"97":3,"98":3,"99":5,"100":5,"101":3,"102":3,"103":0,"104":0},"f":{"0":14,"1":13,"2":14,"3":15,"4":0,"5":3,"6":5},"b":{"0":[14,0],"1":[1,14],"2":[14,0],"3":[14,0],"4":[14,0],"5":[9,5],"6":[10,4],"7":[1,14],"8":[7,6],"9":[1,12],"10":[1,11],"11":[4,9],"12":[2,11],"13":[2,11],"14":[12,3],"15":[12,1],"16":[1,13],"17":[12,1],"18":[3,10],"19":[2,11],"20":[1,1],"21":[0,0],"22":[1,2],"23":[0,3],"24":[0,3],"25":[0,3],"26":[0,0],"27":[5,4],"28":[1,2]},"meta":{"lastBranch":29,"lastFunction":7,"lastStatement":105,"seen":{"f:14:9:14:20":0,"s:15:12:15:92":0,"s:16:2:16:Infinity":1,"b:16:37:16:50:16:54:16:57":0,"s:17:20:17:64":2,"s:18:17:18:84":3,"s:19:2:19:Infinity":4,"f:22:9:22:22":1,"s:23:12:23:45":5,"s:24:2:24:Infinity":6,"s:25:2:25:Infinity":7,"f:28:22:28:33":2,"s:29:2:214:Infinity":8,"s:30:20:30:50":9,"s:31:20:31:59":10,"s:32:16:32:26":11,"s:33:21:33:51":12,"s:34:24:34:39":13,"s:35:19:35:36":14,"s:37:23:37:Infinity":15,"s:38:24:38:Infinity":16,"s:39:24:39:Infinity":17,"s:40:21:40:Infinity":18,"s:42:19:138:Infinity":19,"f:42:43:42:50":3,"s:44:6:44:Infinity":20,"s:45:6:45:Infinity":21,"s:46:6:46:Infinity":22,"s:47:6:47:Infinity":23,"s:49:23:49:53":24,"b:51:6:52:Infinity:undefined:undefined:undefined:undefined":1,"s:51:6:52:Infinity":25,"s:52:8:52:Infinity":26,"s:55:22:55:37":27,"s:57:23:57:Infinity":28,"b:57:62:57:81:57:81:57:Infinity":2,"s:58:26:58:Infinity":29,"b:58:68:58:90:58:90:58:Infinity":3,"s:59:29:59:Infinity":30,"b:59:74:59:99:59:99:59:Infinity":4,"s:60:34:60:Infinity":31,"b:60:84:60:114:60:114:60:Infinity":5,"s:61:30:61:Infinity":32,"b:61:76:61:102:61:102:61:Infinity":6,"b:63:6:71:Infinity:undefined:undefined:undefined:undefined":7,"s:63:6:71:Infinity":33,"s:64:8:71:Infinity":34,"s:75:6:75:Infinity":35,"s:79:30:79:Infinity":36,"s:80:24:80:46":37,"b:82:6:86:Infinity:84:13:86:Infinity":8,"s:82:6:86:Infinity":38,"s:83:8:83:Infinity":39,"s:85:8:85:Infinity":40,"s:86:8:86:Infinity":41,"s:88:6:88:Infinity":42,"b:91:6:94:Infinity:93:17:94:Infinity":9,"s:91:6:94:Infinity":43,"s:92:8:92:Infinity":44,"b:93:17:94:Infinity:undefined:undefined:undefined:undefined":10,"s:93:17:94:Infinity":45,"s:94:8:94:Infinity":46,"s:98:31:98:Infinity":47,"b:99:6:101:Infinity:undefined:undefined:undefined:undefined":11,"s:99:6:101:Infinity":48,"s:100:8:100:Infinity":49,"s:101:8:101:Infinity":50,"s:104:27:104:Infinity":51,"s:105:26:105:Infinity":52,"s:107:53:113:Infinity":53,"s:115:27:115:Infinity":54,"b:115:78:115:109:115:109:115:Infinity":12,"s:116:29:116:Infinity":55,"b:116:80:116:111:116:111:116:Infinity":13,"b:118:6:120:Infinity:undefined:undefined:undefined:undefined":14,"s:118:6:120:Infinity":56,"s:119:8:119:Infinity":57,"s:120:8:120:Infinity":58,"b:123:6:125:Infinity:undefined:undefined:undefined:undefined":15,"s:123:6:125:Infinity":59,"s:124:8:124:Infinity":60,"s:125:8:125:Infinity":61,"s:128:6:128:Infinity":62,"s:130:6:137:Infinity":63,"b:140:4:142:Infinity:undefined:undefined:undefined:undefined":16,"s:140:4:142:Infinity":64,"s:141:6:141:Infinity":65,"s:142:6:142:Infinity":66,"s:146:53:146:55":67,"b:148:4:157:Infinity:undefined:undefined:undefined:undefined":17,"s:148:4:157:Infinity":68,"s:149:36:156:Infinity":69,"s:157:6:157:Infinity":70,"b:160:4:169:Infinity:undefined:undefined:undefined:undefined":18,"s:160:4:169:Infinity":71,"s:161:36:168:Infinity":72,"s:169:6:169:Infinity":73,"b:172:4:181:Infinity:undefined:undefined:undefined:undefined":19,"s:172:4:181:Infinity":74,"s:173:36:180:Infinity":75,"b:176:35:176:48:176:48:176:Infinity":20,"s:181:6:181:Infinity":76,"s:185:4:188:Infinity":77,"s:186:6:186:Infinity":78,"s:188:6:188:Infinity":79,"b:188:105:188:124:188:124:188:133":21,"s:192:26:192:69":80,"s:194:39:195:Infinity":81,"f:194:58:194:Infinity":4,"s:195:38:195:48":82,"s:198:4:211:Infinity":83,"s:213:4:213:Infinity":84,"s:214:4:214:Infinity":85,"f:218:22:218:38":5,"s:219:2:261:Infinity":86,"s:220:20:220:50":87,"s:221:20:221:59":88,"s:223:21:223:Infinity":89,"b:223:59:223:88:223:91:223:Infinity":22,"s:224:18:224:76":90,"b:224:57:224:62:224:62:224:71":23,"s:225:19:225:Infinity":91,"b:225:58:225:77:225:77:225:Infinity":24,"s:227:16:230:19":92,"b:232:4:235:Infinity:undefined:undefined:undefined:undefined":25,"s:232:4:235:Infinity":93,"s:233:24:233:82":94,"b:234:6:235:Infinity:undefined:undefined:undefined:undefined":26,"s:234:6:235:Infinity":95,"s:235:8:235:Infinity":96,"s:239:17:239:34":97,"s:241:25:252:Infinity":98,"f:241:35:241:40":6,"s:242:19:242:29":99,"s:243:6:251:Infinity":100,"b:248:17:248:43:248:43:248:Infinity":27,"s:254:23:256:Infinity":101,"b:255:8:255:Infinity:256:8:256:Infinity":28,"s:258:4:258:Infinity":102,"s:260:4:260:Infinity":103,"s:261:4:261:Infinity":104}}}
,"D:\\Proyectos VS CODE\\Cielo_Estrellado\\Cielo-Estrellado-v3\\functions\\src\\handlers\\invitePublic.ts": {"path":"D:\\Proyectos VS CODE\\Cielo_Estrellado\\Cielo-Estrellado-v3\\functions\\src\\handlers\\invitePublic.ts","statementMap":{"0":{"start":{"line":12,"column":2},"end":{"line":48,"column":null}},"1":{"start":{"line":13,"column":22},"end":{"line":13,"column":null}},"2":{"start":{"line":16,"column":10},"end":{"line":16,"column":70}},"3":{"start":{"line":18,"column":21},"end":{"line":22,"column":12}},"4":{"start":{"line":24,"column":4},"end":{"line":26,"column":null}},"5":{"start":{"line":25,"column":6},"end":{"line":25,"column":null}},"6":{"start":{"line":26,"column":6},"end":{"line":26,"column":null}},"7":{"start":{"line":29,"column":16},"end":{"line":29,"column":null}},"8":{"start":{"line":30,"column":19},"end":{"line":30,"column":29}},"9":{"start":{"line":32,"column":4},"end":{"line":34,"column":null}},"10":{"start":{"line":33,"column":6},"end":{"line":33,"column":null}},"11":{"start":{"line":34,"column":6},"end":{"line":34,"column":null}},"12":{"start":{"line":37,"column":19},"end":{"line":37,"column":71}},"13":{"start":{"line":38,"column":16},"end":{"line":38,"column":null}},"14":{"start":{"line":40,"column":4},"end":{"line":45,"column":null}},"15":{"start":{"line":47,"column":4},"end":{"line":47,"column":null}},"16":{"start":{"line":48,"column":4},"end":{"line":48,"column":null}},"17":{"start":{"line":53,"column":2},"end":{"line":153,"column":null}},"18":{"start":{"line":54,"column":20},"end":{"line":54,"column":50}},"19":{"start":{"line":56,"column":22},"end":{"line":56,"column":null}},"20":{"start":{"line":58,"column":21},"end":{"line":58,"column":53}},"21":{"start":{"line":59,"column":4},"end":{"line":61,"column":null}},"22":{"start":{"line":60,"column":6},"end":{"line":60,"column":null}},"23":{"start":{"line":61,"column":6},"end":{"line":61,"column":null}},"24":{"start":{"line":64,"column":21},"end":{"line":64,"column":72}},"25":{"start":{"line":65,"column":21},"end":{"line":65,"column":36}},"26":{"start":{"line":66,"column":27},"end":{"line":66,"column":null}},"27":{"start":{"line":68,"column":23},"end":{"line":72,"column":12}},"28":{"start":{"line":74,"column":4},"end":{"line":76,"column":null}},"29":{"start":{"line":75,"column":6},"end":{"line":75,"column":null}},"30":{"start":{"line":76,"column":6},"end":{"line":76,"column":null}},"31":{"start":{"line":79,"column":22},"end":{"line":79,"column":63}},"32":{"start":{"line":81,"column":20},"end":{"line":81,"column":59}},"33":{"start":{"line":82,"column":25},"end":{"line":82,"column":null}},"34":{"start":{"line":83,"column":4},"end":{"line":124,"column":null}},"35":{"start":{"line":84,"column":27},"end":{"line":109,"column":null}},"36":{"start":{"line":85,"column":26},"end":{"line":85,"column":56}},"37":{"start":{"line":86,"column":26},"end":{"line":86,"column":42}},"38":{"start":{"line":87,"column":8},"end":{"line":87,"column":null}},"39":{"start":{"line":87,"column":24},"end":{"line":87,"column":null}},"40":{"start":{"line":89,"column":25},"end":{"line":89,"column":62}},"41":{"start":{"line":90,"column":35},"end":{"line":90,"column":null}},"42":{"start":{"line":91,"column":37},"end":{"line":91,"column":null}},"43":{"start":{"line":92,"column":32},"end":{"line":92,"column":null}},"44":{"start":{"line":94,"column":8},"end":{"line":95,"column":null}},"45":{"start":{"line":95,"column":10},"end":{"line":95,"column":null}},"46":{"start":{"line":98,"column":8},"end":{"line":106,"column":null}},"47":{"start":{"line":99,"column":10},"end":{"line":99,"column":null}},"48":{"start":{"line":100,"column":29},"end":{"line":100,"column":null}},"49":{"start":{"line":101,"column":10},"end":{"line":105,"column":null}},"50":{"start":{"line":106,"column":10},"end":{"line":106,"column":null}},"51":{"start":{"line":108,"column":8},"end":{"line":108,"column":null}},"52":{"start":{"line":111,"column":6},"end":{"line":121,"column":null}},"53":{"start":{"line":112,"column":8},"end":{"line":112,"column":null}},"54":{"start":{"line":113,"column":38},"end":{"line":120,"column":null}},"55":{"start":{"line":121,"column":8},"end":{"line":121,"column":null}},"56":{"start":{"line":124,"column":6},"end":{"line":124,"column":null}},"57":{"start":{"line":127,"column":4},"end":{"line":127,"column":null}},"58":{"start":{"line":129,"column":22},"end":{"line":129,"column":null}},"59":{"start":{"line":130,"column":4},"end":{"line":149,"column":null}},"60":{"start":{"line":131,"column":6},"end":{"line":149,"column":null}},"61":{"start":{"line":133,"column":10},"end":{"line":133,"column":null}},"62":{"start":{"line":134,"column":10},"end":{"line":134,"column":null}},"63":{"start":{"line":136,"column":10},"end":{"line":136,"column":null}},"64":{"start":{"line":137,"column":10},"end":{"line":137,"column":null}},"65":{"start":{"line":139,"column":10},"end":{"line":139,"column":null}},"66":{"start":{"line":140,"column":10},"end":{"line":140,"column":null}},"67":{"start":{"line":142,"column":10},"end":{"line":142,"column":null}},"68":{"start":{"line":143,"column":10},"end":{"line":143,"column":null}},"69":{"start":{"line":145,"column":10},"end":{"line":145,"column":null}},"70":{"start":{"line":146,"column":10},"end":{"line":146,"column":null}},"71":{"start":{"line":148,"column":10},"end":{"line":148,"column":null}},"72":{"start":{"line":149,"column":10},"end":{"line":149,"column":null}},"73":{"start":{"line":152,"column":4},"end":{"line":152,"column":null}},"74":{"start":{"line":153,"column":4},"end":{"line":153,"column":null}}},"fnMap":{"0":{"name":"previewInvite","decl":{"start":{"line":11,"column":22},"end":{"line":11,"column":36}},"loc":{"start":{"line":11,"column":80},"end":{"line":48,"column":null}},"line":11},"1":{"name":"acceptInviteHandler","decl":{"start":{"line":52,"column":22},"end":{"line":52,"column":42}},"loc":{"start":{"line":52,"column":86},"end":{"line":153,"column":null}},"line":52},"2":{"name":"(anonymous_2)","decl":{"start":{"line":84,"column":51},"end":{"line":84,"column":58}},"loc":{"start":{"line":84,"column":74},"end":{"line":109,"column":null}},"line":84}},"branchMap":{"0":{"loc":{"start":{"line":24,"column":4},"end":{"line":26,"column":null}},"type":"if","locations":[{"start":{"line":24,"column":4},"end":{"line":26,"column":null}},{"start":{},"end":{}}],"line":24},"1":{"loc":{"start":{"line":32,"column":4},"end":{"line":34,"column":null}},"type":"if","locations":[{"start":{"line":32,"column":4},"end":{"line":34,"column":null}},{"start":{},"end":{}}],"line":32},"2":{"loc":{"start":{"line":32,"column":8},"end":{"line":32,"column":142}},"type":"binary-expr","locations":[{"start":{"line":32,"column":8},"end":{"line":32,"column":39}},{"start":{"line":32,"column":39},"end":{"line":32,"column":71}},{"start":{"line":32,"column":71},"end":{"line":32,"column":102}},{"start":{"line":32,"column":102},"end":{"line":32,"column":142}}],"line":32},"3":{"loc":{"start":{"line":38,"column":16},"end":{"line":38,"column":null}},"type":"cond-expr","locations":[{"start":{"line":38,"column":33},"end":{"line":38,"column":46}},{"start":{"line":38,"column":63},"end":{"line":38,"column":null}}],"line":38},"4":{"loc":{"start":{"line":43,"column":16},"end":{"line":43,"column":null}},"type":"binary-expr","locations":[{"start":{"line":43,"column":16},"end":{"line":43,"column":30}},{"start":{"line":43,"column":30},"end":{"line":43,"column":null}}],"line":43},"5":{"loc":{"start":{"line":47,"column":44},"end":{"line":47,"column":98}},"type":"cond-expr","locations":[{"start":{"line":47,"column":69},"end":{"line":47,"column":85}},{"start":{"line":47,"column":85},"end":{"line":47,"column":98}}],"line":47},"6":{"loc":{"start":{"line":59,"column":4},"end":{"line":61,"column":null}},"type":"if","locations":[{"start":{"line":59,"column":4},"end":{"line":61,"column":null}},{"start":{},"end":{}}],"line":59},"7":{"loc":{"start":{"line":66,"column":27},"end":{"line":66,"column":null}},"type":"cond-expr","locations":[{"start":{"line":66,"column":74},"end":{"line":66,"column":100}},{"start":{"line":66,"column":100},"end":{"line":66,"column":null}}],"line":66},"8":{"loc":{"start":{"line":74,"column":4},"end":{"line":76,"column":null}},"type":"if","locations":[{"start":{"line":74,"column":4},"end":{"line":76,"column":null}},{"start":{},"end":{}}],"line":74},"9":{"loc":{"start":{"line":87,"column":8},"end":{"line":87,"column":null}},"type":"if","locations":[{"start":{"line":87,"column":8},"end":{"line":87,"column":null}},{"start":{},"end":{}}],"line":87},"10":{"loc":{"start":{"line":90,"column":35},"end":{"line":90,"column":null}},"type":"cond-expr","locations":[{"start":{"line":90,"column":88},"end":{"line":90,"column":121}},{"start":{"line":90,"column":121},"end":{"line":90,"column":null}}],"line":90},"11":{"loc":{"start":{"line":91,"column":37},"end":{"line":91,"column":null}},"type":"cond-expr","locations":[{"start":{"line":91,"column":90},"end":{"line":91,"column":123}},{"start":{"line":91,"column":123},"end":{"line":91,"column":null}}],"line":91},"12":{"loc":{"start":{"line":92,"column":32},"end":{"line":92,"column":null}},"type":"cond-expr","locations":[{"start":{"line":92,"column":73},"end":{"line":92,"column":94}},{"start":{"line":92,"column":94},"end":{"line":92,"column":null}}],"line":92},"13":{"loc":{"start":{"line":94,"column":8},"end":{"line":95,"column":null}},"type":"if","locations":[{"start":{"line":94,"column":8},"end":{"line":95,"column":null}},{"start":{},"end":{}}],"line":94},"14":{"loc":{"start":{"line":98,"column":8},"end":{"line":106,"column":null}},"type":"if","locations":[{"start":{"line":98,"column":8},"end":{"line":106,"column":null}},{"start":{},"end":{}}],"line":98},"15":{"loc":{"start":{"line":111,"column":6},"end":{"line":121,"column":null}},"type":"if","locations":[{"start":{"line":111,"column":6},"end":{"line":121,"column":null}},{"start":{},"end":{}}],"line":111},"16":{"loc":{"start":{"line":130,"column":4},"end":{"line":149,"column":null}},"type":"if","locations":[{"start":{"line":130,"column":4},"end":{"line":149,"column":null}},{"start":{},"end":{}}],"line":130},"17":{"loc":{"start":{"line":131,"column":6},"end":{"line":149,"column":null}},"type":"switch","locations":[{"start":{"line":132,"column":8},"end":{"line":134,"column":null}},{"start":{"line":135,"column":8},"end":{"line":137,"column":null}},{"start":{"line":138,"column":8},"end":{"line":140,"column":null}},{"start":{"line":141,"column":8},"end":{"line":143,"column":null}},{"start":{"line":144,"column":8},"end":{"line":146,"column":null}},{"start":{"line":147,"column":8},"end":{"line":149,"column":null}}],"line":131}},"s":{"0":0,"1":0,"2":0,"3":0,"4":0,"5":0,"6":0,"7":0,"8":0,"9":0,"10":0,"11":0,"12":0,"13":0,"14":0,"15":0,"16":0,"17":3,"18":3,"19":3,"20":3,"21":3,"22":0,"23":0,"24":3,"25":3,"26":3,"27":3,"28":3,"29":1,"30":1,"31":2,"32":2,"33":2,"34":2,"35":2,"36":2,"37":2,"38":2,"39":0,"40":2,"41":2,"42":2,"43":2,"44":2,"45":1,"46":2,"47":1,"48":1,"49":1,"50":1,"51":1,"52":2,"53":1,"54":1,"55":1,"56":0,"57":2,"58":0,"59":0,"60":0,"61":0,"62":0,"63":0,"64":0,"65":0,"66":0,"67":0,"68":0,"69":0,"70":0,"71":0,"72":0,"73":0,"74":0},"f":{"0":0,"1":3,"2":2},"b":{"0":[0,0],"1":[0,0],"2":[0,0,0,0],"3":[0,0],"4":[0,0],"5":[0,0],"6":[0,3],"7":[3,0],"8":[1,2],"9":[0,2],"10":[2,0],"11":[1,1],"12":[2,0],"13":[1,1],"14":[1,1],"15":[1,1],"16":[0,0],"17":[0,0,0,0,0,0]},"meta":{"lastBranch":18,"lastFunction":3,"lastStatement":75,"seen":{"f:11:22:11:36":0,"s:12:2:48:Infinity":0,"s:13:22:13:Infinity":1,"s:16:10:16:70":2,"s:18:21:22:12":3,"b:24:4:26:Infinity:undefined:undefined:undefined:undefined":0,"s:24:4:26:Infinity":4,"s:25:6:25:Infinity":5,"s:26:6:26:Infinity":6,"s:29:16:29:Infinity":7,"s:30:19:30:29":8,"b:32:4:34:Infinity:undefined:undefined:undefined:undefined":1,"s:32:4:34:Infinity":9,"b:32:8:32:39:32:39:32:71:32:71:32:102:32:102:32:142":2,"s:33:6:33:Infinity":10,"s:34:6:34:Infinity":11,"s:37:19:37:71":12,"s:38:16:38:Infinity":13,"b:38:33:38:46:38:63:38:Infinity":3,"s:40:4:45:Infinity":14,"b:43:16:43:30:43:30:43:Infinity":4,"s:47:4:47:Infinity":15,"b:47:69:47:85:47:85:47:98":5,"s:48:4:48:Infinity":16,"f:52:22:52:42":1,"s:53:2:153:Infinity":17,"s:54:20:54:50":18,"s:56:22:56:Infinity":19,"s:58:21:58:53":20,"b:59:4:61:Infinity:undefined:undefined:undefined:undefined":6,"s:59:4:61:Infinity":21,"s:60:6:60:Infinity":22,"s:61:6:61:Infinity":23,"s:64:21:64:72":24,"s:65:21:65:36":25,"s:66:27:66:Infinity":26,"b:66:74:66:100:66:100:66:Infinity":7,"s:68:23:72:12":27,"b:74:4:76:Infinity:undefined:undefined:undefined:undefined":8,"s:74:4:76:Infinity":28,"s:75:6:75:Infinity":29,"s:76:6:76:Infinity":30,"s:79:22:79:63":31,"s:81:20:81:59":32,"s:82:25:82:Infinity":33,"s:83:4:124:Infinity":34,"s:84:27:109:Infinity":35,"f:84:51:84:58":2,"s:85:26:85:56":36,"s:86:26:86:42":37,"b:87:8:87:Infinity:undefined:undefined:undefined:undefined":9,"s:87:8:87:Infinity":38,"s:87:24:87:Infinity":39,"s:89:25:89:62":40,"s:90:35:90:Infinity":41,"b:90:88:90:121:90:121:90:Infinity":10,"s:91:37:91:Infinity":42,"b:91:90:91:123:91:123:91:Infinity":11,"s:92:32:92:Infinity":43,"b:92:73:92:94:92:94:92:Infinity":12,"b:94:8:95:Infinity:undefined:undefined:undefined:undefined":13,"s:94:8:95:Infinity":44,"s:95:10:95:Infinity":45,"b:98:8:106:Infinity:undefined:undefined:undefined:undefined":14,"s:98:8:106:Infinity":46,"s:99:10:99:Infinity":47,"s:100:29:100:Infinity":48,"s:101:10:105:Infinity":49,"s:106:10:106:Infinity":50,"s:108:8:108:Infinity":51,"b:111:6:121:Infinity:undefined:undefined:undefined:undefined":15,"s:111:6:121:Infinity":52,"s:112:8:112:Infinity":53,"s:113:38:120:Infinity":54,"s:121:8:121:Infinity":55,"s:124:6:124:Infinity":56,"s:127:4:127:Infinity":57,"s:129:22:129:Infinity":58,"b:130:4:149:Infinity:undefined:undefined:undefined:undefined":16,"s:130:4:149:Infinity":59,"b:132:8:134:Infinity:135:8:137:Infinity:138:8:140:Infinity:141:8:143:Infinity:144:8:146:Infinity:147:8:149:Infinity":17,"s:131:6:149:Infinity":60,"s:133:10:133:Infinity":61,"s:134:10:134:Infinity":62,"s:136:10:136:Infinity":63,"s:137:10:137:Infinity":64,"s:139:10:139:Infinity":65,"s:140:10:140:Infinity":66,"s:142:10:142:Infinity":67,"s:143:10:143:Infinity":68,"s:145:10:145:Infinity":69,"s:146:10:146:Infinity":70,"s:148:10:148:Infinity":71,"s:149:10:149:Infinity":72,"s:152:4:152:Infinity":73,"s:153:4:153:Infinity":74}}}
,"D:\\Proyectos VS CODE\\Cielo_Estrellado\\Cielo-Estrellado-v3\\functions\\src\\handlers\\shop.ts": {"path":"D:\\Proyectos VS CODE\\Cielo_Estrellado\\Cielo-Estrellado-v3\\functions\\src\\handlers\\shop.ts","statementMap":{"0":{"start":{"line":11,"column":4},"end":{"line":11,"column":null}},"1":{"start":{"line":10,"column":21},"end":{"line":10,"column":35}},"2":{"start":{"line":16,"column":2},"end":{"line":98,"column":null}},"3":{"start":{"line":17,"column":20},"end":{"line":17,"column":50}},"4":{"start":{"line":18,"column":16},"end":{"line":18,"column":null}},"5":{"start":{"line":20,"column":17},"end":{"line":20,"column":null}},"6":{"start":{"line":21,"column":19},"end":{"line":21,"column":null}},"7":{"start":{"line":22,"column":4},"end":{"line":24,"column":null}},"8":{"start":{"line":23,"column":6},"end":{"line":23,"column":null}},"9":{"start":{"line":24,"column":6},"end":{"line":24,"column":null}},"10":{"start":{"line":27,"column":10},"end":{"line":27,"column":36}},"11":{"start":{"line":28,"column":4},"end":{"line":30,"column":null}},"12":{"start":{"line":29,"column":6},"end":{"line":29,"column":null}},"13":{"start":{"line":30,"column":6},"end":{"line":30,"column":null}},"14":{"start":{"line":33,"column":20},"end":{"line":33,"column":51}},"15":{"start":{"line":34,"column":19},"end":{"line":34,"column":43}},"16":{"start":{"line":36,"column":19},"end":{"line":77,"column":null}},"17":{"start":{"line":37,"column":23},"end":{"line":37,"column":53}},"18":{"start":{"line":38,"column":6},"end":{"line":39,"column":null}},"19":{"start":{"line":39,"column":8},"end":{"line":39,"column":null}},"20":{"start":{"line":42,"column":22},"end":{"line":42,"column":37}},"21":{"start":{"line":43,"column":23},"end":{"line":43,"column":null}},"22":{"start":{"line":45,"column":6},"end":{"line":46,"column":null}},"23":{"start":{"line":46,"column":8},"end":{"line":46,"column":null}},"24":{"start":{"line":49,"column":28},"end":{"line":49,"column":82}},"25":{"start":{"line":50,"column":27},"end":{"line":51,"column":null}},"26":{"start":{"line":51,"column":64},"end":{"line":51,"column":100}},"27":{"start":{"line":54,"column":6},"end":{"line":55,"column":null}},"28":{"start":{"line":55,"column":8},"end":{"line":55,"column":null}},"29":{"start":{"line":58,"column":25},"end":{"line":58,"column":null}},"30":{"start":{"line":60,"column":50},"end":{"line":60,"column":74}},"31":{"start":{"line":61,"column":6},"end":{"line":63,"column":null}},"32":{"start":{"line":62,"column":32},"end":{"line":62,"column":null}},"33":{"start":{"line":63,"column":8},"end":{"line":63,"column":null}},"34":{"start":{"line":65,"column":6},"end":{"line":65,"column":null}},"35":{"start":{"line":67,"column":42},"end":{"line":72,"column":null}},"36":{"start":{"line":73,"column":24},"end":{"line":73,"column":61}},"37":{"start":{"line":74,"column":6},"end":{"line":74,"column":null}},"38":{"start":{"line":76,"column":6},"end":{"line":76,"column":null}},"39":{"start":{"line":80,"column":40},"end":{"line":87,"column":null}},"40":{"start":{"line":88,"column":4},"end":{"line":88,"column":null}},"41":{"start":{"line":90,"column":4},"end":{"line":90,"column":null}},"42":{"start":{"line":92,"column":4},"end":{"line":95,"column":null}},"43":{"start":{"line":93,"column":21},"end":{"line":93,"column":null}},"44":{"start":{"line":94,"column":6},"end":{"line":94,"column":null}},"45":{"start":{"line":95,"column":6},"end":{"line":95,"column":null}},"46":{"start":{"line":97,"column":4},"end":{"line":97,"column":null}},"47":{"start":{"line":98,"column":4},"end":{"line":98,"column":null}},"48":{"start":{"line":103,"column":2},"end":{"line":121,"column":null}},"49":{"start":{"line":104,"column":20},"end":{"line":104,"column":50}},"50":{"start":{"line":105,"column":16},"end":{"line":105,"column":null}},"51":{"start":{"line":106,"column":20},"end":{"line":106,"column":51}},"52":{"start":{"line":108,"column":26},"end":{"line":108,"column":69}},"53":{"start":{"line":109,"column":25},"end":{"line":110,"column":null}},"54":{"start":{"line":110,"column":62},"end":{"line":110,"column":98}},"55":{"start":{"line":113,"column":20},"end":{"line":116,"column":7}},"56":{"start":{"line":113,"column":46},"end":{"line":116,"column":7}},"57":{"start":{"line":118,"column":4},"end":{"line":118,"column":null}},"58":{"start":{"line":120,"column":4},"end":{"line":120,"column":null}},"59":{"start":{"line":121,"column":4},"end":{"line":121,"column":null}}},"fnMap":{"0":{"name":"(anonymous_0)","decl":{"start":{"line":10,"column":2},"end":{"line":10,"column":14}},"loc":{"start":{"line":10,"column":52},"end":{"line":10,"column":35}},"line":10},"1":{"name":"purchase","decl":{"start":{"line":15,"column":22},"end":{"line":15,"column":31}},"loc":{"start":{"line":15,"column":75},"end":{"line":98,"column":null}},"line":15},"2":{"name":"(anonymous_2)","decl":{"start":{"line":36,"column":43},"end":{"line":36,"column":50}},"loc":{"start":{"line":36,"column":79},"end":{"line":77,"column":null}},"line":36},"3":{"name":"(anonymous_3)","decl":{"start":{"line":51,"column":27},"end":{"line":51,"column":32}},"loc":{"start":{"line":51,"column":64},"end":{"line":51,"column":100}},"line":51},"4":{"name":"getCatalog","decl":{"start":{"line":102,"column":22},"end":{"line":102,"column":33}},"loc":{"start":{"line":102,"column":77},"end":{"line":121,"column":null}},"line":102},"5":{"name":"(anonymous_5)","decl":{"start":{"line":110,"column":25},"end":{"line":110,"column":30}},"loc":{"start":{"line":110,"column":62},"end":{"line":110,"column":98}},"line":110},"6":{"name":"(anonymous_6)","decl":{"start":{"line":113,"column":33},"end":{"line":113,"column":37}},"loc":{"start":{"line":113,"column":46},"end":{"line":116,"column":7}},"line":113}},"branchMap":{"0":{"loc":{"start":{"line":21,"column":19},"end":{"line":21,"column":null}},"type":"cond-expr","locations":[{"start":{"line":21,"column":53},"end":{"line":21,"column":71}},{"start":{"line":21,"column":74},"end":{"line":21,"column":null}}],"line":21},"1":{"loc":{"start":{"line":22,"column":4},"end":{"line":24,"column":null}},"type":"if","locations":[{"start":{"line":22,"column":4},"end":{"line":24,"column":null}},{"start":{},"end":{}}],"line":22},"2":{"loc":{"start":{"line":28,"column":4},"end":{"line":30,"column":null}},"type":"if","locations":[{"start":{"line":28,"column":4},"end":{"line":30,"column":null}},{"start":{},"end":{}}],"line":28},"3":{"loc":{"start":{"line":38,"column":6},"end":{"line":39,"column":null}},"type":"if","locations":[{"start":{"line":38,"column":6},"end":{"line":39,"column":null}},{"start":{},"end":{}}],"line":38},"4":{"loc":{"start":{"line":43,"column":23},"end":{"line":43,"column":null}},"type":"cond-expr","locations":[{"start":{"line":43,"column":62},"end":{"line":43,"column":81}},{"start":{"line":43,"column":81},"end":{"line":43,"column":null}}],"line":43},"5":{"loc":{"start":{"line":45,"column":6},"end":{"line":46,"column":null}},"type":"if","locations":[{"start":{"line":45,"column":6},"end":{"line":46,"column":null}},{"start":{},"end":{}}],"line":45},"6":{"loc":{"start":{"line":54,"column":6},"end":{"line":55,"column":null}},"type":"if","locations":[{"start":{"line":54,"column":6},"end":{"line":55,"column":null}},{"start":{},"end":{}}],"line":54},"7":{"loc":{"start":{"line":54,"column":10},"end":{"line":54,"column":68}},"type":"binary-expr","locations":[{"start":{"line":54,"column":10},"end":{"line":54,"column":39}},{"start":{"line":54,"column":39},"end":{"line":54,"column":68}}],"line":54},"8":{"loc":{"start":{"line":61,"column":6},"end":{"line":63,"column":null}},"type":"if","locations":[{"start":{"line":61,"column":6},"end":{"line":63,"column":null}},{"start":{},"end":{}}],"line":61},"9":{"loc":{"start":{"line":62,"column":32},"end":{"line":62,"column":null}},"type":"cond-expr","locations":[{"start":{"line":62,"column":71},"end":{"line":62,"column":90}},{"start":{"line":62,"column":90},"end":{"line":62,"column":null}}],"line":62},"10":{"loc":{"start":{"line":92,"column":4},"end":{"line":95,"column":null}},"type":"if","locations":[{"start":{"line":92,"column":4},"end":{"line":95,"column":null}},{"start":{},"end":{}}],"line":92},"11":{"loc":{"start":{"line":93,"column":21},"end":{"line":93,"column":null}},"type":"cond-expr","locations":[{"start":{"line":93,"column":55},"end":{"line":93,"column":61}},{"start":{"line":93,"column":61},"end":{"line":93,"column":null}}],"line":93}},"s":{"0":2,"1":2,"2":7,"3":7,"4":7,"5":7,"6":7,"7":7,"8":0,"9":0,"10":7,"11":7,"12":1,"13":1,"14":6,"15":6,"16":6,"17":6,"18":6,"19":0,"20":6,"21":6,"22":6,"23":1,"24":5,"25":5,"26":2,"27":5,"28":1,"29":4,"30":4,"31":4,"32":2,"33":2,"34":4,"35":4,"36":4,"37":4,"38":4,"39":4,"40":4,"41":4,"42":2,"43":2,"44":2,"45":2,"46":0,"47":0,"48":0,"49":0,"50":0,"51":0,"52":0,"53":0,"54":0,"55":0,"56":0,"57":0,"58":0,"59":0},"f":{"0":2,"1":7,"2":6,"3":2,"4":0,"5":0,"6":0},"b":{"0":[7,0],"1":[0,7],"2":[1,6],"3":[0,6],"4":[6,0],"5":[1,5],"6":[1,4],"7":[5,3],"8":[2,2],"9":[2,0],"10":[2,0],"11":[0,2]},"meta":{"lastBranch":12,"lastFunction":7,"lastStatement":60,"seen":{"f:10:2:10:14":0,"s:11:4:11:Infinity":0,"s:10:21:10:35":1,"f:15:22:15:31":1,"s:16:2:98:Infinity":2,"s:17:20:17:50":3,"s:18:16:18:Infinity":4,"s:20:17:20:Infinity":5,"s:21:19:21:Infinity":6,"b:21:53:21:71:21:74:21:Infinity":0,"b:22:4:24:Infinity:undefined:undefined:undefined:undefined":1,"s:22:4:24:Infinity":7,"s:23:6:23:Infinity":8,"s:24:6:24:Infinity":9,"s:27:10:27:36":10,"b:28:4:30:Infinity:undefined:undefined:undefined:undefined":2,"s:28:4:30:Infinity":11,"s:29:6:29:Infinity":12,"s:30:6:30:Infinity":13,"s:33:20:33:51":14,"s:34:19:34:43":15,"s:36:19:77:Infinity":16,"f:36:43:36:50":2,"s:37:23:37:53":17,"b:38:6:39:Infinity:undefined:undefined:undefined:undefined":3,"s:38:6:39:Infinity":18,"s:39:8:39:Infinity":19,"s:42:22:42:37":20,"s:43:23:43:Infinity":21,"b:43:62:43:81:43:81:43:Infinity":4,"b:45:6:46:Infinity:undefined:undefined:undefined:undefined":5,"s:45:6:46:Infinity":22,"s:46:8:46:Infinity":23,"s:49:28:49:82":24,"s:50:27:51:Infinity":25,"f:51:27:51:32":3,"s:51:64:51:100":26,"b:54:6:55:Infinity:undefined:undefined:undefined:undefined":6,"s:54:6:55:Infinity":27,"b:54:10:54:39:54:39:54:68":7,"s:55:8:55:Infinity":28,"s:58:25:58:Infinity":29,"s:60:50:60:74":30,"b:61:6:63:Infinity:undefined:undefined:undefined:undefined":8,"s:61:6:63:Infinity":31,"s:62:32:62:Infinity":32,"b:62:71:62:90:62:90:62:Infinity":9,"s:63:8:63:Infinity":33,"s:65:6:65:Infinity":34,"s:67:42:72:Infinity":35,"s:73:24:73:61":36,"s:74:6:74:Infinity":37,"s:76:6:76:Infinity":38,"s:80:40:87:Infinity":39,"s:88:4:88:Infinity":40,"s:90:4:90:Infinity":41,"b:92:4:95:Infinity:undefined:undefined:undefined:undefined":10,"s:92:4:95:Infinity":42,"s:93:21:93:Infinity":43,"b:93:55:93:61:93:61:93:Infinity":11,"s:94:6:94:Infinity":44,"s:95:6:95:Infinity":45,"s:97:4:97:Infinity":46,"s:98:4:98:Infinity":47,"f:102:22:102:33":4,"s:103:2:121:Infinity":48,"s:104:20:104:50":49,"s:105:16:105:Infinity":50,"s:106:20:106:51":51,"s:108:26:108:69":52,"s:109:25:110:Infinity":53,"f:110:25:110:30":5,"s:110:62:110:98":54,"s:113:20:116:7":55,"f:113:33:113:37":6,"s:113:46:116:7":56,"s:118:4:118:Infinity":57,"s:120:4:120:Infinity":58,"s:121:4:121:Infinity":59}}}
,"D:\\Proyectos VS CODE\\Cielo_Estrellado\\Cielo-Estrellado-v3\\functions\\src\\handlers\\skies.ts": {"path":"D:\\Proyectos VS CODE\\Cielo_Estrellado\\Cielo-Estrellado-v3\\functions\\src\\handlers\\skies.ts","statementMap":{"0":{"start":{"line":12,"column":38},"end":{"line":12,"column":null}},"1":{"start":{"line":13,"column":29},"end":{"line":13,"column":null}},"2":{"start":{"line":16,"column":2},"end":{"line":64,"column":null}},"3":{"start":{"line":17,"column":20},"end":{"line":17,"column":50}},"4":{"start":{"line":19,"column":24},"end":{"line":23,"column":12}},"5":{"start":{"line":25,"column":4},"end":{"line":27,"column":null}},"6":{"start":{"line":26,"column":6},"end":{"line":26,"column":null}},"7":{"start":{"line":27,"column":6},"end":{"line":27,"column":null}},"8":{"start":{"line":30,"column":59},"end":{"line":30,"column":61}},"9":{"start":{"line":31,"column":41},"end":{"line":31,"column":43}},"10":{"start":{"line":33,"column":4},"end":{"line":38,"column":null}},"11":{"start":{"line":34,"column":21},"end":{"line":34,"column":31}},"12":{"start":{"line":35,"column":21},"end":{"line":35,"column":null}},"13":{"start":{"line":36,"column":6},"end":{"line":36,"column":null}},"14":{"start":{"line":36,"column":19},"end":{"line":36,"column":null}},"15":{"start":{"line":37,"column":6},"end":{"line":37,"column":null}},"16":{"start":{"line":38,"column":6},"end":{"line":38,"column":null}},"17":{"start":{"line":41,"column":4},"end":{"line":43,"column":null}},"18":{"start":{"line":42,"column":6},"end":{"line":42,"column":null}},"19":{"start":{"line":43,"column":6},"end":{"line":43,"column":null}},"20":{"start":{"line":46,"column":21},"end":{"line":46,"column":48}},"21":{"start":{"line":48,"column":73},"end":{"line":48,"column":75}},"22":{"start":{"line":49,"column":4},"end":{"line":56,"column":null}},"23":{"start":{"line":49,"column":17},"end":{"line":49,"column":20}},"24":{"start":{"line":50,"column":19},"end":{"line":50,"column":null}},"25":{"start":{"line":51,"column":6},"end":{"line":51,"column":null}},"26":{"start":{"line":51,"column":24},"end":{"line":51,"column":null}},"27":{"start":{"line":52,"column":6},"end":{"line":56,"column":null}},"28":{"start":{"line":59,"column":4},"end":{"line":59,"column":null}},"29":{"start":{"line":59,"column":25},"end":{"line":59,"column":71}},"30":{"start":{"line":61,"column":4},"end":{"line":61,"column":null}},"31":{"start":{"line":63,"column":4},"end":{"line":63,"column":null}},"32":{"start":{"line":64,"column":4},"end":{"line":64,"column":null}},"33":{"start":{"line":69,"column":2},"end":{"line":135,"column":null}},"34":{"start":{"line":70,"column":20},"end":{"line":70,"column":50}},"35":{"start":{"line":72,"column":17},"end":{"line":72,"column":null}},"36":{"start":{"line":73,"column":21},"end":{"line":73,"column":null}},"37":{"start":{"line":75,"column":4},"end":{"line":77,"column":null}},"38":{"start":{"line":76,"column":6},"end":{"line":76,"column":null}},"39":{"start":{"line":77,"column":6},"end":{"line":77,"column":null}},"40":{"start":{"line":80,"column":4},"end":{"line":82,"column":null}},"41":{"start":{"line":81,"column":6},"end":{"line":81,"column":null}},"42":{"start":{"line":82,"column":6},"end":{"line":82,"column":null}},"43":{"start":{"line":85,"column":21},"end":{"line":85,"column":72}},"44":{"start":{"line":86,"column":21},"end":{"line":86,"column":36}},"45":{"start":{"line":87,"column":21},"end":{"line":87,"column":null}},"46":{"start":{"line":89,"column":22},"end":{"line":93,"column":12}},"47":{"start":{"line":95,"column":4},"end":{"line":101,"column":null}},"48":{"start":{"line":96,"column":6},"end":{"line":100,"column":null}},"49":{"start":{"line":101,"column":6},"end":{"line":101,"column":null}},"50":{"start":{"line":104,"column":16},"end":{"line":104,"column":40}},"51":{"start":{"line":105,"column":19},"end":{"line":105,"column":47}},"52":{"start":{"line":107,"column":31},"end":{"line":117,"column":null}},"53":{"start":{"line":119,"column":37},"end":{"line":125,"column":null}},"54":{"start":{"line":127,"column":18},"end":{"line":127,"column":28}},"55":{"start":{"line":128,"column":4},"end":{"line":128,"column":null}},"56":{"start":{"line":129,"column":4},"end":{"line":129,"column":null}},"57":{"start":{"line":130,"column":4},"end":{"line":130,"column":null}},"58":{"start":{"line":132,"column":4},"end":{"line":132,"column":null}},"59":{"start":{"line":134,"column":4},"end":{"line":134,"column":null}},"60":{"start":{"line":135,"column":4},"end":{"line":135,"column":null}},"61":{"start":{"line":140,"column":2},"end":{"line":214,"column":null}},"62":{"start":{"line":141,"column":20},"end":{"line":141,"column":50}},"63":{"start":{"line":142,"column":22},"end":{"line":142,"column":null}},"64":{"start":{"line":144,"column":19},"end":{"line":144,"column":61}},"65":{"start":{"line":145,"column":4},"end":{"line":147,"column":null}},"66":{"start":{"line":146,"column":6},"end":{"line":146,"column":null}},"67":{"start":{"line":147,"column":6},"end":{"line":147,"column":null}},"68":{"start":{"line":150,"column":4},"end":{"line":152,"column":null}},"69":{"start":{"line":151,"column":6},"end":{"line":151,"column":null}},"70":{"start":{"line":152,"column":6},"end":{"line":152,"column":null}},"71":{"start":{"line":155,"column":17},"end":{"line":155,"column":null}},"72":{"start":{"line":157,"column":21},"end":{"line":157,"column":null}},"73":{"start":{"line":158,"column":31},"end":{"line":158,"column":null}},"74":{"start":{"line":160,"column":4},"end":{"line":162,"column":null}},"75":{"start":{"line":161,"column":6},"end":{"line":161,"column":null}},"76":{"start":{"line":162,"column":6},"end":{"line":162,"column":null}},"77":{"start":{"line":165,"column":48},"end":{"line":166,"column":null}},"78":{"start":{"line":169,"column":4},"end":{"line":179,"column":null}},"79":{"start":{"line":170,"column":23},"end":{"line":170,"column":null}},"80":{"start":{"line":171,"column":6},"end":{"line":173,"column":null}},"81":{"start":{"line":172,"column":8},"end":{"line":172,"column":null}},"82":{"start":{"line":173,"column":8},"end":{"line":173,"column":null}},"83":{"start":{"line":175,"column":6},"end":{"line":177,"column":null}},"84":{"start":{"line":176,"column":8},"end":{"line":176,"column":null}},"85":{"start":{"line":177,"column":8},"end":{"line":177,"column":null}},"86":{"start":{"line":179,"column":6},"end":{"line":179,"column":null}},"87":{"start":{"line":182,"column":4},"end":{"line":206,"column":null}},"88":{"start":{"line":183,"column":23},"end":{"line":183,"column":null}},"89":{"start":{"line":184,"column":26},"end":{"line":185,"column":null}},"90":{"start":{"line":185,"column":13},"end":{"line":185,"column":69}},"91":{"start":{"line":187,"column":6},"end":{"line":189,"column":null}},"92":{"start":{"line":188,"column":8},"end":{"line":188,"column":null}},"93":{"start":{"line":189,"column":8},"end":{"line":189,"column":null}},"94":{"start":{"line":192,"column":6},"end":{"line":194,"column":null}},"95":{"start":{"line":193,"column":8},"end":{"line":193,"column":null}},"96":{"start":{"line":194,"column":8},"end":{"line":194,"column":null}},"97":{"start":{"line":196,"column":6},"end":{"line":199,"column":null}},"98":{"start":{"line":197,"column":8},"end":{"line":199,"column":null}},"99":{"start":{"line":198,"column":10},"end":{"line":198,"column":null}},"100":{"start":{"line":199,"column":10},"end":{"line":199,"column":null}},"101":{"start":{"line":203,"column":6},"end":{"line":206,"column":null}},"102":{"start":{"line":209,"column":4},"end":{"line":209,"column":null}},"103":{"start":{"line":211,"column":4},"end":{"line":211,"column":null}},"104":{"start":{"line":213,"column":4},"end":{"line":213,"column":null}},"105":{"start":{"line":214,"column":4},"end":{"line":214,"column":null}},"106":{"start":{"line":219,"column":2},"end":{"line":241,"column":null}},"107":{"start":{"line":220,"column":20},"end":{"line":220,"column":50}},"108":{"start":{"line":222,"column":22},"end":{"line":222,"column":null}},"109":{"start":{"line":224,"column":19},"end":{"line":224,"column":61}},"110":{"start":{"line":226,"column":4},"end":{"line":232,"column":null}},"111":{"start":{"line":227,"column":6},"end":{"line":229,"column":null}},"112":{"start":{"line":228,"column":8},"end":{"line":228,"column":null}},"113":{"start":{"line":229,"column":8},"end":{"line":229,"column":null}},"114":{"start":{"line":231,"column":6},"end":{"line":231,"column":null}},"115":{"start":{"line":232,"column":6},"end":{"line":232,"column":null}},"116":{"start":{"line":235,"column":4},"end":{"line":238,"column":null}},"117":{"start":{"line":240,"column":4},"end":{"line":240,"column":null}},"118":{"start":{"line":241,"column":4},"end":{"line":241,"column":null}},"119":{"start":{"line":245,"column":20},"end":{"line":245,"column":null}},"120":{"start":{"line":248,"column":2},"end":{"line":306,"column":null}},"121":{"start":{"line":249,"column":20},"end":{"line":249,"column":50}},"122":{"start":{"line":250,"column":22},"end":{"line":250,"column":null}},"123":{"start":{"line":252,"column":19},"end":{"line":252,"column":61}},"124":{"start":{"line":253,"column":4},"end":{"line":255,"column":null}},"125":{"start":{"line":254,"column":6},"end":{"line":254,"column":null}},"126":{"start":{"line":255,"column":6},"end":{"line":255,"column":null}},"127":{"start":{"line":258,"column":4},"end":{"line":260,"column":null}},"128":{"start":{"line":259,"column":6},"end":{"line":259,"column":null}},"129":{"start":{"line":260,"column":6},"end":{"line":260,"column":null}},"130":{"start":{"line":263,"column":19},"end":{"line":263,"column":52}},"131":{"start":{"line":266,"column":50},"end":{"line":273,"column":6}},"132":{"start":{"line":276,"column":146},"end":{"line":276,"column":148}},"133":{"start":{"line":278,"column":4},"end":{"line":279,"column":null}},"134":{"start":{"line":279,"column":6},"end":{"line":279,"column":null}},"135":{"start":{"line":281,"column":4},"end":{"line":282,"column":null}},"136":{"start":{"line":282,"column":6},"end":{"line":282,"column":null}},"137":{"start":{"line":284,"column":4},"end":{"line":285,"column":null}},"138":{"start":{"line":285,"column":6},"end":{"line":285,"column":null}},"139":{"start":{"line":288,"column":4},"end":{"line":288,"column":null}},"140":{"start":{"line":290,"column":4},"end":{"line":300,"column":null}},"141":{"start":{"line":290,"column":17},"end":{"line":290,"column":20}},"142":{"start":{"line":291,"column":20},"end":{"line":291,"column":30}},"143":{"start":{"line":292,"column":20},"end":{"line":292,"column":52}},"144":{"start":{"line":293,"column":6},"end":{"line":297,"column":null}},"145":{"start":{"line":294,"column":8},"end":{"line":297,"column":null}},"146":{"start":{"line":295,"column":10},"end":{"line":295,"column":null}},"147":{"start":{"line":297,"column":10},"end":{"line":297,"column":null}},"148":{"start":{"line":300,"column":6},"end":{"line":300,"column":null}},"149":{"start":{"line":303,"column":4},"end":{"line":303,"column":null}},"150":{"start":{"line":305,"column":4},"end":{"line":305,"column":null}},"151":{"start":{"line":306,"column":4},"end":{"line":306,"column":null}},"152":{"start":{"line":311,"column":2},"end":{"line":360,"column":null}},"153":{"start":{"line":312,"column":20},"end":{"line":312,"column":50}},"154":{"start":{"line":313,"column":22},"end":{"line":313,"column":null}},"155":{"start":{"line":315,"column":19},"end":{"line":315,"column":61}},"156":{"start":{"line":316,"column":4},"end":{"line":318,"column":null}},"157":{"start":{"line":317,"column":6},"end":{"line":317,"column":null}},"158":{"start":{"line":318,"column":6},"end":{"line":318,"column":null}},"159":{"start":{"line":321,"column":4},"end":{"line":323,"column":null}},"160":{"start":{"line":322,"column":6},"end":{"line":322,"column":null}},"161":{"start":{"line":323,"column":6},"end":{"line":323,"column":null}},"162":{"start":{"line":326,"column":17},"end":{"line":326,"column":null}},"163":{"start":{"line":327,"column":20},"end":{"line":327,"column":null}},"164":{"start":{"line":328,"column":4},"end":{"line":330,"column":null}},"165":{"start":{"line":329,"column":6},"end":{"line":329,"column":null}},"166":{"start":{"line":330,"column":6},"end":{"line":330,"column":null}},"167":{"start":{"line":333,"column":28},"end":{"line":336,"column":6}},"168":{"start":{"line":335,"column":73},"end":{"line":335,"column":111}},"169":{"start":{"line":335,"column":121},"end":{"line":335,"column":131}},"170":{"start":{"line":338,"column":4},"end":{"line":340,"column":null}},"171":{"start":{"line":339,"column":6},"end":{"line":339,"column":null}},"172":{"start":{"line":340,"column":6},"end":{"line":340,"column":null}},"173":{"start":{"line":343,"column":4},"end":{"line":350,"column":null}},"174":{"start":{"line":344,"column":28},"end":{"line":344,"column":103}},"175":{"start":{"line":345,"column":27},"end":{"line":346,"column":null}},"176":{"start":{"line":346,"column":64},"end":{"line":346,"column":100}},"177":{"start":{"line":348,"column":6},"end":{"line":350,"column":null}},"178":{"start":{"line":349,"column":8},"end":{"line":349,"column":null}},"179":{"start":{"line":350,"column":8},"end":{"line":350,"column":null}},"180":{"start":{"line":354,"column":16},"end":{"line":354,"column":40}},"181":{"start":{"line":355,"column":4},"end":{"line":355,"column":null}},"182":{"start":{"line":357,"column":4},"end":{"line":357,"column":null}},"183":{"start":{"line":359,"column":4},"end":{"line":359,"column":null}},"184":{"start":{"line":360,"column":4},"end":{"line":360,"column":null}}},"fnMap":{"0":{"name":"getUserSkies","decl":{"start":{"line":15,"column":22},"end":{"line":15,"column":35}},"loc":{"start":{"line":15,"column":79},"end":{"line":64,"column":null}},"line":15},"1":{"name":"(anonymous_1)","decl":{"start":{"line":59,"column":10},"end":{"line":59,"column":16}},"loc":{"start":{"line":59,"column":25},"end":{"line":59,"column":71}},"line":59},"2":{"name":"createSky","decl":{"start":{"line":68,"column":22},"end":{"line":68,"column":32}},"loc":{"start":{"line":68,"column":76},"end":{"line":135,"column":null}},"line":68},"3":{"name":"updateSky","decl":{"start":{"line":139,"column":22},"end":{"line":139,"column":32}},"loc":{"start":{"line":139,"column":76},"end":{"line":214,"column":null}},"line":139},"4":{"name":"(anonymous_4)","decl":{"start":{"line":184,"column":48},"end":{"line":184,"column":null}},"loc":{"start":{"line":185,"column":13},"end":{"line":185,"column":69}},"line":185},"5":{"name":"getSky","decl":{"start":{"line":218,"column":22},"end":{"line":218,"column":29}},"loc":{"start":{"line":218,"column":73},"end":{"line":241,"column":null}},"line":218},"6":{"name":"deleteSky","decl":{"start":{"line":247,"column":22},"end":{"line":247,"column":32}},"loc":{"start":{"line":247,"column":76},"end":{"line":306,"column":null}},"line":247},"7":{"name":"updateSkyTheme","decl":{"start":{"line":310,"column":22},"end":{"line":310,"column":37}},"loc":{"start":{"line":310,"column":81},"end":{"line":360,"column":null}},"line":310},"8":{"name":"(anonymous_8)","decl":{"start":{"line":335,"column":22},"end":{"line":335,"column":30}},"loc":{"start":{"line":335,"column":73},"end":{"line":335,"column":111}},"line":335},"9":{"name":"(anonymous_9)","decl":{"start":{"line":335,"column":112},"end":{"line":335,"column":116}},"loc":{"start":{"line":335,"column":121},"end":{"line":335,"column":131}},"line":335},"10":{"name":"(anonymous_10)","decl":{"start":{"line":346,"column":27},"end":{"line":346,"column":32}},"loc":{"start":{"line":346,"column":64},"end":{"line":346,"column":100}},"line":346}},"branchMap":{"0":{"loc":{"start":{"line":25,"column":4},"end":{"line":27,"column":null}},"type":"if","locations":[{"start":{"line":25,"column":4},"end":{"line":27,"column":null}},{"start":{},"end":{}}],"line":25},"1":{"loc":{"start":{"line":36,"column":6},"end":{"line":36,"column":null}},"type":"if","locations":[{"start":{"line":36,"column":6},"end":{"line":36,"column":null}},{"start":{},"end":{}}],"line":36},"2":{"loc":{"start":{"line":41,"column":4},"end":{"line":43,"column":null}},"type":"if","locations":[{"start":{"line":41,"column":4},"end":{"line":43,"column":null}},{"start":{},"end":{}}],"line":41},"3":{"loc":{"start":{"line":51,"column":6},"end":{"line":51,"column":null}},"type":"if","locations":[{"start":{"line":51,"column":6},"end":{"line":51,"column":null}},{"start":{},"end":{}}],"line":51},"4":{"loc":{"start":{"line":73,"column":21},"end":{"line":73,"column":null}},"type":"cond-expr","locations":[{"start":{"line":73,"column":54},"end":{"line":73,"column":71}},{"start":{"line":73,"column":74},"end":{"line":73,"column":null}}],"line":73},"5":{"loc":{"start":{"line":75,"column":4},"end":{"line":77,"column":null}},"type":"if","locations":[{"start":{"line":75,"column":4},"end":{"line":77,"column":null}},{"start":{},"end":{}}],"line":75},"6":{"loc":{"start":{"line":80,"column":4},"end":{"line":82,"column":null}},"type":"if","locations":[{"start":{"line":80,"column":4},"end":{"line":82,"column":null}},{"start":{},"end":{}}],"line":80},"7":{"loc":{"start":{"line":87,"column":21},"end":{"line":87,"column":null}},"type":"cond-expr","locations":[{"start":{"line":87,"column":62},"end":{"line":87,"column":82}},{"start":{"line":87,"column":82},"end":{"line":87,"column":null}}],"line":87},"8":{"loc":{"start":{"line":95,"column":4},"end":{"line":101,"column":null}},"type":"if","locations":[{"start":{"line":95,"column":4},"end":{"line":101,"column":null}},{"start":{},"end":{}}],"line":95},"9":{"loc":{"start":{"line":145,"column":4},"end":{"line":147,"column":null}},"type":"if","locations":[{"start":{"line":145,"column":4},"end":{"line":147,"column":null}},{"start":{},"end":{}}],"line":145},"10":{"loc":{"start":{"line":146,"column":17},"end":{"line":146,"column":55}},"type":"cond-expr","locations":[{"start":{"line":146,"column":45},"end":{"line":146,"column":51}},{"start":{"line":146,"column":51},"end":{"line":146,"column":55}}],"line":146},"11":{"loc":{"start":{"line":150,"column":4},"end":{"line":152,"column":null}},"type":"if","locations":[{"start":{"line":150,"column":4},"end":{"line":152,"column":null}},{"start":{},"end":{}}],"line":150},"12":{"loc":{"start":{"line":158,"column":31},"end":{"line":158,"column":null}},"type":"binary-expr","locations":[{"start":{"line":158,"column":31},"end":{"line":158,"column":55}},{"start":{"line":158,"column":55},"end":{"line":158,"column":null}}],"line":158},"13":{"loc":{"start":{"line":160,"column":4},"end":{"line":162,"column":null}},"type":"if","locations":[{"start":{"line":160,"column":4},"end":{"line":162,"column":null}},{"start":{},"end":{}}],"line":160},"14":{"loc":{"start":{"line":160,"column":8},"end":{"line":160,"column":42}},"type":"binary-expr","locations":[{"start":{"line":160,"column":8},"end":{"line":160,"column":21}},{"start":{"line":160,"column":21},"end":{"line":160,"column":42}}],"line":160},"15":{"loc":{"start":{"line":169,"column":4},"end":{"line":179,"column":null}},"type":"if","locations":[{"start":{"line":169,"column":4},"end":{"line":179,"column":null}},{"start":{},"end":{}}],"line":169},"16":{"loc":{"start":{"line":170,"column":23},"end":{"line":170,"column":null}},"type":"cond-expr","locations":[{"start":{"line":170,"column":56},"end":{"line":170,"column":73}},{"start":{"line":170,"column":76},"end":{"line":170,"column":null}}],"line":170},"17":{"loc":{"start":{"line":171,"column":6},"end":{"line":173,"column":null}},"type":"if","locations":[{"start":{"line":171,"column":6},"end":{"line":173,"column":null}},{"start":{},"end":{}}],"line":171},"18":{"loc":{"start":{"line":175,"column":6},"end":{"line":177,"column":null}},"type":"if","locations":[{"start":{"line":175,"column":6},"end":{"line":177,"column":null}},{"start":{},"end":{}}],"line":175},"19":{"loc":{"start":{"line":182,"column":4},"end":{"line":206,"column":null}},"type":"if","locations":[{"start":{"line":182,"column":4},"end":{"line":206,"column":null}},{"start":{},"end":{}}],"line":182},"20":{"loc":{"start":{"line":187,"column":6},"end":{"line":189,"column":null}},"type":"if","locations":[{"start":{"line":187,"column":6},"end":{"line":189,"column":null}},{"start":{},"end":{}}],"line":187},"21":{"loc":{"start":{"line":192,"column":6},"end":{"line":194,"column":null}},"type":"if","locations":[{"start":{"line":192,"column":6},"end":{"line":194,"column":null}},{"start":{},"end":{}}],"line":192},"22":{"loc":{"start":{"line":192,"column":10},"end":{"line":192,"column":136}},"type":"binary-expr","locations":[{"start":{"line":192,"column":10},"end":{"line":192,"column":36}},{"start":{"line":192,"column":36},"end":{"line":192,"column":76}},{"start":{"line":192,"column":76},"end":{"line":192,"column":133}}],"line":192},"23":{"loc":{"start":{"line":197,"column":8},"end":{"line":199,"column":null}},"type":"if","locations":[{"start":{"line":197,"column":8},"end":{"line":199,"column":null}},{"start":{},"end":{}}],"line":197},"24":{"loc":{"start":{"line":197,"column":12},"end":{"line":197,"column":67}},"type":"binary-expr","locations":[{"start":{"line":197,"column":12},"end":{"line":197,"column":31}},{"start":{"line":197,"column":31},"end":{"line":197,"column":67}}],"line":197},"25":{"loc":{"start":{"line":226,"column":4},"end":{"line":232,"column":null}},"type":"if","locations":[{"start":{"line":226,"column":4},"end":{"line":232,"column":null}},{"start":{},"end":{}}],"line":226},"26":{"loc":{"start":{"line":227,"column":6},"end":{"line":229,"column":null}},"type":"if","locations":[{"start":{"line":227,"column":6},"end":{"line":229,"column":null}},{"start":{},"end":{}}],"line":227},"27":{"loc":{"start":{"line":253,"column":4},"end":{"line":255,"column":null}},"type":"if","locations":[{"start":{"line":253,"column":4},"end":{"line":255,"column":null}},{"start":{},"end":{}}],"line":253},"28":{"loc":{"start":{"line":254,"column":17},"end":{"line":254,"column":55}},"type":"cond-expr","locations":[{"start":{"line":254,"column":45},"end":{"line":254,"column":51}},{"start":{"line":254,"column":51},"end":{"line":254,"column":55}}],"line":254},"29":{"loc":{"start":{"line":258,"column":4},"end":{"line":260,"column":null}},"type":"if","locations":[{"start":{"line":258,"column":4},"end":{"line":260,"column":null}},{"start":{},"end":{}}],"line":258},"30":{"loc":{"start":{"line":294,"column":8},"end":{"line":297,"column":null}},"type":"if","locations":[{"start":{"line":294,"column":8},"end":{"line":297,"column":null}},{"start":{"line":296,"column":15},"end":{"line":297,"column":null}}],"line":294},"31":{"loc":{"start":{"line":316,"column":4},"end":{"line":318,"column":null}},"type":"if","locations":[{"start":{"line":316,"column":4},"end":{"line":318,"column":null}},{"start":{},"end":{}}],"line":316},"32":{"loc":{"start":{"line":317,"column":17},"end":{"line":317,"column":55}},"type":"cond-expr","locations":[{"start":{"line":317,"column":45},"end":{"line":317,"column":51}},{"start":{"line":317,"column":51},"end":{"line":317,"column":55}}],"line":317},"33":{"loc":{"start":{"line":321,"column":4},"end":{"line":323,"column":null}},"type":"if","locations":[{"start":{"line":321,"column":4},"end":{"line":323,"column":null}},{"start":{},"end":{}}],"line":321},"34":{"loc":{"start":{"line":327,"column":20},"end":{"line":327,"column":null}},"type":"cond-expr","locations":[{"start":{"line":327,"column":55},"end":{"line":327,"column":74}},{"start":{"line":327,"column":77},"end":{"line":327,"column":null}}],"line":327},"35":{"loc":{"start":{"line":328,"column":4},"end":{"line":330,"column":null}},"type":"if","locations":[{"start":{"line":328,"column":4},"end":{"line":330,"column":null}},{"start":{},"end":{}}],"line":328},"36":{"loc":{"start":{"line":335,"column":73},"end":{"line":335,"column":111}},"type":"binary-expr","locations":[{"start":{"line":335,"column":73},"end":{"line":335,"column":99}},{"start":{"line":335,"column":99},"end":{"line":335,"column":111}}],"line":335},"37":{"loc":{"start":{"line":338,"column":4},"end":{"line":340,"column":null}},"type":"if","locations":[{"start":{"line":338,"column":4},"end":{"line":340,"column":null}},{"start":{},"end":{}}],"line":338},"38":{"loc":{"start":{"line":343,"column":4},"end":{"line":350,"column":null}},"type":"if","locations":[{"start":{"line":343,"column":4},"end":{"line":350,"column":null}},{"start":{},"end":{}}],"line":343},"39":{"loc":{"start":{"line":348,"column":6},"end":{"line":350,"column":null}},"type":"if","locations":[{"start":{"line":348,"column":6},"end":{"line":350,"column":null}},{"start":{},"end":{}}],"line":348}},"s":{"0":1,"1":1,"2":0,"3":0,"4":0,"5":0,"6":0,"7":0,"8":0,"9":0,"10":0,"11":0,"12":0,"13":0,"14":0,"15":0,"16":0,"17":0,"18":0,"19":0,"20":0,"21":0,"22":0,"23":0,"24":0,"25":0,"26":0,"27":0,"28":0,"29":0,"30":0,"31":0,"32":0,"33":1,"34":1,"35":1,"36":1,"37":1,"38":0,"39":0,"40":1,"41":0,"42":0,"43":1,"44":1,"45":1,"46":1,"47":1,"48":1,"49":1,"50":0,"51":0,"52":0,"53":0,"54":0,"55":0,"56":0,"57":0,"58":0,"59":0,"60":0,"61":0,"62":0,"63":0,"64":0,"65":0,"66":0,"67":0,"68":0,"69":0,"70":0,"71":0,"72":0,"73":0,"74":0,"75":0,"76":0,"77":0,"78":0,"79":0,"80":0,"81":0,"82":0,"83":0,"84":0,"85":0,"86":0,"87":0,"88":0,"89":0,"90":0,"91":0,"92":0,"93":0,"94":0,"95":0,"96":0,"97":0,"98":0,"99":0,"100":0,"101":0,"102":0,"103":0,"104":0,"105":0,"106":0,"107":0,"108":0,"109":0,"110":0,"111":0,"112":0,"113":0,"114":0,"115":0,"116":0,"117":0,"118":0,"119":1,"120":0,"121":0,"122":0,"123":0,"124":0,"125":0,"126":0,"127":0,"128":0,"129":0,"130":0,"131":0,"132":0,"133":0,"134":0,"135":0,"136":0,"137":0,"138":0,"139":0,"140":0,"141":0,"142":0,"143":0,"144":0,"145":0,"146":0,"147":0,"148":0,"149":0,"150":0,"151":0,"152":3,"153":3,"154":3,"155":3,"156":3,"157":0,"158":0,"159":3,"160":0,"161":0,"162":3,"163":3,"164":3,"165":0,"166":0,"167":3,"168":24,"169":21,"170":3,"171":1,"172":1,"173":2,"174":1,"175":1,"176":0,"177":1,"178":1,"179":1,"180":1,"181":1,"182":1,"183":0,"184":0},"f":{"0":0,"1":0,"2":1,"3":0,"4":0,"5":0,"6":0,"7":3,"8":24,"9":21,"10":0},"b":{"0":[0,0],"1":[0,0],"2":[0,0],"3":[0,0],"4":[1,0],"5":[0,1],"6":[0,1],"7":[1,0],"8":[1,0],"9":[0,0],"10":[0,0],"11":[0,0],"12":[0,0],"13":[0,0],"14":[0,0],"15":[0,0],"16":[0,0],"17":[0,0],"18":[0,0],"19":[0,0],"20":[0,0],"21":[0,0],"22":[0,0,0],"23":[0,0],"24":[0,0],"25":[0,0],"26":[0,0],"27":[0,0],"28":[0,0],"29":[0,0],"30":[0,0],"31":[0,3],"32":[0,0],"33":[0,3],"34":[3,0],"35":[0,3],"36":[24,21],"37":[1,2],"38":[1,1],"39":[1,0]},"meta":{"lastBranch":40,"lastFunction":11,"lastStatement":185,"seen":{"s:12:38:12:Infinity":0,"s:13:29:13:Infinity":1,"f:15:22:15:35":0,"s:16:2:64:Infinity":2,"s:17:20:17:50":3,"s:19:24:23:12":4,"b:25:4:27:Infinity:undefined:undefined:undefined:undefined":0,"s:25:4:27:Infinity":5,"s:26:6:26:Infinity":6,"s:27:6:27:Infinity":7,"s:30:59:30:61":8,"s:31:41:31:43":9,"s:33:4:38:Infinity":10,"s:34:21:34:31":11,"s:35:21:35:Infinity":12,"b:36:6:36:Infinity:undefined:undefined:undefined:undefined":1,"s:36:6:36:Infinity":13,"s:36:19:36:Infinity":14,"s:37:6:37:Infinity":15,"s:38:6:38:Infinity":16,"b:41:4:43:Infinity:undefined:undefined:undefined:undefined":2,"s:41:4:43:Infinity":17,"s:42:6:42:Infinity":18,"s:43:6:43:Infinity":19,"s:46:21:46:48":20,"s:48:73:48:75":21,"s:49:4:56:Infinity":22,"s:49:17:49:20":23,"s:50:19:50:Infinity":24,"b:51:6:51:Infinity:undefined:undefined:undefined:undefined":3,"s:51:6:51:Infinity":25,"s:51:24:51:Infinity":26,"s:52:6:56:Infinity":27,"s:59:4:59:Infinity":28,"f:59:10:59:16":1,"s:59:25:59:71":29,"s:61:4:61:Infinity":30,"s:63:4:63:Infinity":31,"s:64:4:64:Infinity":32,"f:68:22:68:32":2,"s:69:2:135:Infinity":33,"s:70:20:70:50":34,"s:72:17:72:Infinity":35,"s:73:21:73:Infinity":36,"b:73:54:73:71:73:74:73:Infinity":4,"b:75:4:77:Infinity:undefined:undefined:undefined:undefined":5,"s:75:4:77:Infinity":37,"s:76:6:76:Infinity":38,"s:77:6:77:Infinity":39,"b:80:4:82:Infinity:undefined:undefined:undefined:undefined":6,"s:80:4:82:Infinity":40,"s:81:6:81:Infinity":41,"s:82:6:82:Infinity":42,"s:85:21:85:72":43,"s:86:21:86:36":44,"s:87:21:87:Infinity":45,"b:87:62:87:82:87:82:87:Infinity":7,"s:89:22:93:12":46,"b:95:4:101:Infinity:undefined:undefined:undefined:undefined":8,"s:95:4:101:Infinity":47,"s:96:6:100:Infinity":48,"s:101:6:101:Infinity":49,"s:104:16:104:40":50,"s:105:19:105:47":51,"s:107:31:117:Infinity":52,"s:119:37:125:Infinity":53,"s:127:18:127:28":54,"s:128:4:128:Infinity":55,"s:129:4:129:Infinity":56,"s:130:4:130:Infinity":57,"s:132:4:132:Infinity":58,"s:134:4:134:Infinity":59,"s:135:4:135:Infinity":60,"f:139:22:139:32":3,"s:140:2:214:Infinity":61,"s:141:20:141:50":62,"s:142:22:142:Infinity":63,"s:144:19:144:61":64,"b:145:4:147:Infinity:undefined:undefined:undefined:undefined":9,"s:145:4:147:Infinity":65,"s:146:6:146:Infinity":66,"b:146:45:146:51:146:51:146:55":10,"s:147:6:147:Infinity":67,"b:150:4:152:Infinity:undefined:undefined:undefined:undefined":11,"s:150:4:152:Infinity":68,"s:151:6:151:Infinity":69,"s:152:6:152:Infinity":70,"s:155:17:155:Infinity":71,"s:157:21:157:Infinity":72,"s:158:31:158:Infinity":73,"b:158:31:158:55:158:55:158:Infinity":12,"b:160:4:162:Infinity:u
[...]
":388,"column":null}},"type":"if","locations":[{"start":{"line":386,"column":4},"end":{"line":388,"column":null}},{"start":{},"end":{}}],"line":386}},"s":{"0":5,"1":5,"2":5,"3":5,"4":0,"5":0,"6":0,"7":0,"8":0,"9":0,"10":0,"11":0,"12":0,"13":0,"14":0,"15":5,"16":5,"17":5,"18":5,"19":5,"20":5,"21":0,"22":0,"23":5,"24":0,"25":0,"26":5,"27":5,"28":0,"29":0,"30":5,"31":5,"32":0,"33":0,"34":5,"35":5,"36":0,"37":0,"38":0,"39":0,"40":0,"41":5,"42":0,"43":0,"44":5,"45":5,"46":5,"47":5,"48":5,"49":5,"50":5,"51":5,"52":5,"53":5,"54":5,"55":4,"56":4,"57":4,"58":0,"59":4,"60":4,"61":4,"62":4,"63":4,"64":3,"65":4,"66":4,"67":3,"68":3,"69":4,"70":4,"71":1,"72":4,"73":4,"74":3,"75":3,"76":3,"77":1,"78":4,"79":3,"80":3,"81":3,"82":3,"83":3,"84":3,"85":3,"86":1,"87":1,"88":3,"89":1,"90":5,"91":0,"92":0,"93":0,"94":0,"95":0,"96":0,"97":0,"98":0,"99":0,"100":0,"101":0,"102":0,"103":0,"104":0,"105":0,"106":0,"107":0,"108":0,"109":0,"110":0,"111":0,"112":0,"113":0,"114":0,"115":0,"116":0,"117":0,"118":0,"119":0,"120":0,"121":0,"122":0,"123":0,"124":0,"125":0,"126":0,"127":0,"128":0,"129":0,"130":0,"131":0,"132":0,"133":0,"134":0,"135":0,"136":0,"137":0,"138":0,"139":0,"140":0,"141":0,"142":0,"143":0,"144":0,"145":0,"146":0,"147":0,"148":0,"149":0,"150":0,"151":0,"152":0,"153":0,"154":0,"155":0,"156":0,"157":0,"158":0,"159":0,"160":0,"161":0,"162":0,"163":0,"164":0,"165":0,"166":0,"167":0,"168":0,"169":0,"170":0,"171":0,"172":0,"173":0,"174":0,"175":0,"176":0,"177":0,"178":0,"179":0,"180":0,"181":0,"182":0,"183":0,"184":0,"185":0,"186":0,"187":0,"188":0,"189":0,"190":0,"191":0,"192":0,"193":0,"194":0,"195":0,"196":0,"197":0,"198":0,"199":0,"200":0,"201":0,"202":0,"203":0,"204":0,"205":0,"206":0,"207":0,"208":0},"f":{"0":5,"1":5,"2":4,"3":0,"4":0},"b":{"0":[5,0],"1":[5,5],"2":[0,0],"3":[0,0],"4":[0,0],"5":[0,0],"6":[0,0],"7":[0,0],"8":[0,0],"9":[0,0],"10":[0,0],"11":[0,0,0,0],"12":[5,0],"13":[0,5],"14":[0,5],"15":[0,5],"16":[0,5],"17":[0,5],"18":[0,5],"19":[0,0],"20":[0,5],"21":[5,0],"22":[0,5],"23":[5,0],"24":[5,5],"25":[0,4],"26":[4,0],"27":[2,2],"28":[4,0],"29":[3,1],"30":[3,1],"31":[1,3],"32":[3,1],"33":[3,1],"34":[3,0],"35":[1,2],"36":[0,0],"37":[0,0],"38":[0,0],"39":[0,0],"40":[0,0,0],"41":[0,0],"42":[0,0],"43":[0,0],"44":[0,0],"45":[0,0],"46":[0,0],"47":[0,0],"48":[0,0],"49":[0,0],"50":[0,0],"51":[0,0],"52":[0,0],"53":[0,0],"54":[0,0],"55":[0,0],"56":[0,0],"57":[0,0],"58":[0,0],"59":[0,0,0,0],"60":[0,0],"61":[0,0],"62":[0,0],"63":[0,0],"64":[0,0],"65":[0,0],"66":[0,0],"67":[0,0,0,0,0],"68":[0,0],"69":[0,0],"70":[0,0],"71":[0,0],"72":[0,0],"73":[0,0,0],"74":[0,0]},"meta":{"lastBranch":75,"lastFunction":5,"lastStatement":209,"seen":{"f:11:9:11:29":0,"s:15:15:15:Infinity":0,"s:16:15:16:Infinity":1,"b:18:2:19:Infinity:undefined:undefined:undefined:undefined":0,"s:18:2:19:Infinity":2,"b:18:6:18:15:18:15:18:22":1,"s:19:4:19:Infinity":3,"b:22:2:23:Infinity:undefined:undefined:undefined:undefined":2,"s:22:2:23:Infinity":4,"b:22:6:22:15:22:15:22:22":3,"s:23:4:23:Infinity":5,"b:26:2:27:Infinity:undefined:undefined:undefined:undefined":4,"s:26:2:27:Infinity":6,"b:26:6:26:35:26:35:26:62":5,"s:27:4:27:Infinity":7,"b:30:2:31:Infinity:undefined:undefined:undefined:undefined":6,"s:30:2:31:Infinity":8,"b:30:6:30:46:30:46:30:84":7,"s:31:4:31:Infinity":9,"b:34:2:35:Infinity:undefined:undefined:undefined:undefined":8,"s:34:2:35:Infinity":10,"b:34:6:34:40:34:44:34:78":9,"s:35:4:35:Infinity":11,"b:38:2:39:Infinity:undefined:undefined:undefined:undefined":10,"s:38:2:39:Infinity":12,"b:38:6:38:30:38:30:38:54:38:54:38:78:38:78:38:100":11,"s:39:4:39:Infinity":13,"s:42:2:42:Infinity":14,"f:45:22:45:33":1,"s:46:2:196:Infinity":15,"s:47:20:47:50":16,"s:49:22:49:Infinity":17,"s:51:17:51:Infinity":18,"s:59:21:59:Infinity":19,"b:59:54:59:71:59:74:59:Infinity":12,"b:60:4:62:Infinity:undefined:undefined:undefined:undefined":13,"s:60:4:62:Infinity":20,"s:61:6:61:Infinity":21,"s:62:6:62:Infinity":22,"b:64:4:66:Infinity:undefined:undefined:undefined:undefined":14,"s:64:4:66:Infinity":23,"s:65:6:65:Infinity":24,"s:66:6:66:Infinity":25,"s:69:23:69:Infinity":26,"b:69:58:69:77:69:80:69:Infinity":15,"b:70:4:72:Infinity:undefined:undefined:undefined:undefined":16,"s:70:4:72:Infinity":27,"s:71:6:71:Infinity":28,"s:72:6:72:Infinity":29,"s:75:19:75:44":30,"b:76:4:78:Infinity:undefined:undefined:undefined:undefined":17,"s:76:4:78:Infinity":31,"s:77:6:77:Infinity":32,"s:78:6:78:Infinity":33,"s:81:19:81:61":34,"b:83:4:89:Infinity:undefined:undefined:undefined:undefined":18,"s:83:4:89:Infinity":35,"b:84:6:86:Infinity:undefined:undefined:undefined:undefined":19,"s:84:6:86:Infinity":36,"s:85:8:85:Infinity":37,"s:86:8:86:Infinity":38,"s:88:6:88:Infinity":39,"s:89:6:89:Infinity":40,"b:92:4:94:Infinity:undefined:undefined:undefined:undefined":20,"s:92:4:94:Infinity":41,"b:92:8:92:42:92:42:92:75":21,"s:93:6:93:Infinity":42,"s:94:6:94:Infinity":43,"s:97:16:97:40":44,"s:98:20:98:79":45,"s:100:17:100:Infinity":46,"b:100:79:100:91:100:91:100:Infinity":22,"b:100:17:100:50:100:50:100:76":23,"s:102:33:115:Infinity":47,"b:104:15:104:29:104:29:104:Infinity":24,"s:117:30:122:12":48,"s:123:24:123:Infinity":49,"s:125:4:125:Infinity":50,"s:127:20:127:59":51,"s:128:25:128:Infinity":52,"s:129:4:190:Infinity":53,"s:130:27:166:Infinity":54,"f:130:51:130:58":2,"s:131:25:131:55":55,"s:132:25:132:40":56,"b:133:8:133:Infinity:undefined:undefined:undefined:undefined":25,"s:133:8:133:Infinity":57,"s:133:23:133:Infinity":58,"s:135:25:135:62":59,"s:136:32:136:Infinity":60,"b:136:81:136:110:136:110:136:Infinity":26,"s:137:37:137:Infinity":61,"b:137:89:137:121:137:121:137:Infinity":27,"s:138:32:138:Infinity":62,"b:138:72:138:92:138:92:138:Infinity":28,"b:140:8:141:Infinity:undefined:undefined:undefined:undefined":29,"s:140:8:141:Infinity":63,"s:141:10:141:Infinity":64,"s:144:29:144:Infinity":65,"b:145:8:147:Infinity:undefined:undefined:undefined:undefined":30,"s:145:8:147:Infinity":66,"s:146:10:146:Infinity":67,"s:147:10:147:Infinity":68,"s:150:30:150:Infinity":69,"b:151:8:152:Infinity:undefined:undefined:undefined:undefined":31,"s:151:8:152:Infinity":70,"s:152:10:152:Infinity":71,"s:155:28:155:Infinity":72,"b:156:8:163:Infinity:undefined:undefined:undefined:undefined":32,"s:156:8:163:Infinity":73,"s:157:29:157:Infinity":74,"s:158:10:162:Infinity":75,"s:163:10:163:Infinity":76,"s:165:8:165:Infinity":77,"b:168:6:187:Infinity:undefined:undefined:undefined:undefined":33,"s:168:6:187:Infinity":78,"s:169:8:169:Infinity":79,"s:170:22:170:46":80,"s:171:57:171:59":81,"b:173:8:178:Infinity:undefined:undefined:undefined:undefined":34,"s:173:8:178:Infinity":82,"s:174:40:177:Infinity":83,"s:178:10:178:Infinity":84,"b:180:8:185:Infinity:undefined:undefined:undefined:undefined":35,"s:180:8:185:Infinity":85,"s:181:40:184:Infinity":86,"s:185:10:185:Infinity":87,"s:187:8:187:Infinity":88,"s:190:6:190:Infinity":89,"s:193:4:193:Infinity":90,"s:195:4:195:Infinity":91,"s:196:4:196:Infinity":92,"f:200:22:200:33":3,"s:201:2:349:Infinity":93,"s:202:20:202:50":94,"s:204:30:204:Infinity":95,"s:206:19:206:61":96,"b:208:4:214:Infinity:undefined:undefined:undefined:undefined":36,"s:208:4:214:Infinity":97,"b:209:6:211:Infinity:undefined:undefined:undefined:undefined":37,"s:209:6:211:Infinity":98,"s:210:8:210:Infinity":99,"s:211:8:211:Infinity":100,"s:213:6:213:Infinity":101,"s:214:6:214:Infinity":102,"s:217:20:217:85":103,"s:218:21:218:40":104,"b:220:4:222:Infinity:undefined:undefined:undefined:undefined":38,"s:220:4:222:Infinity":105,"s:221:6:221:Infinity":106,"s:222:6:222:Infinity":107,"s:225:17:225:32":108,"b:226:4:228:Infinity:undefined:undefined:undefined:undefined":39,"s:226:4:228:Infinity":109,"s:227:6:227:Infinity":110,"s:228:6:228:Infinity":111,"s:231:21:231:Infinity":112,"s:232:20:232:Infinity":113,"b:232:20:232:41:232:41:232:62:232:62:232:Infinity":40,"b:233:4:235:Infinity:undefined:undefined:undefined:undefined":41,"s:233:4:235:Infinity":114,"s:234:6:234:Infinity":115,"s:235:6:235:Infinity":116,"s:238:17:238:Infinity":117,"s:246:21:246:Infinity":118,"b:246:54:246:71:246:74:246:Infinity":42,"b:247:4:249:Infinity:undefined:undefined:undefined:undefined":43,"s:247:4:249:Infinity":119,"s:248:6:248:Infinity":120,"s:249:6:249:Infinity":121,"b:251:4:253:Infinity:undefined:undefined:undefined:undefined":44,"s:251:4:253:Infinity":122,"s:252:6:252:Infinity":123,"s:253:6:253:Infinity":124,"s:256:23:256:Infinity":125,"b:256:58:256:77:256:80:256:Infinity":45,"b:257:4:259:Infinity:undefined:undefined:undefined:undefined":46,"s:257:4:259:Infinity":126,"s:258:6:258:Infinity":127,"s:259:6:259:Infinity":128,"s:261:23:261:Infinity":129,"b:261:23:261:37:261:37:261:Infinity":47,"s:263:27:263:Infinity":130,"b:263:27:263:52:263:52:263:Infinity":48,"s:264:33:264:Infinity":131,"s:265:33:265:Infinity":132,"b:267:4:291:Infinity:undefined:undefined:undefined:undefined":49,"s:267:4:291:Infinity":133,"s:268:19:268:Infinity":134,"s:269:19:269:Infinity":135,"b:270:6:272:Infinity:undefined:undefined:undefined:undefined":50,"s:270:6:272:Infinity":136,"b:270:10:270:19:270:19:270:26":51,"s:271:8:271:Infinity":137,"s:272:8:272:Infinity":138,"b:274:6:291:Infinity:277:13:291:Infinity":52,"s:274:6:291:Infinity":139,"b:274:10:274:39:274:39:274:66":53,"s:275:8:275:Infinity":140,"s:276:8:276:Infinity":141,"b:278:8:280:Infinity:undefined:undefined:undefined:undefined":54,"s:278:8:280:Infinity":142,"b:278:12:278:52:278:52:278:90":55,"s:279:10:279:Infinity":143,"s:280:10:280:Infinity":144,"b:282:8:284:Infinity:undefined:undefined:undefined:undefined":56,"s:282:8:284:Infinity":145,"b:282:12:282:46:282:50:282:84":57,"s:283:10:283:Infinity":146,"s:284:10:284:Infinity":147,"b:286:8:288:Infinity:undefined:undefined:undefined:undefined":58,"s:286:8:288:Infinity":148,"b:286:12:286:36:286:36:286:60:286:60:286:84:286:84:286:106":59,"s:287:10:287:Infinity":149,"s:288:10:288:Infinity":150,"s:290:8:290:Infinity":151,"s:291:8:291:Infinity":152,"s:296:50:296:Infinity":153,"b:297:4:313:Infinity:undefined:undefined:undefined:undefined":60,"s:297:4:313:Infinity":154,"b:298:6:313:Infinity:300:17:313:Infinity":61,"s:298:6:313:Infinity":155,"s:299:8:299:Infinity":156,"b:300:17:313:Infinity:311:13:313:Infinity":62,"s:300:17:313:Infinity":157,"s:301:30:301:Infinity":158,"b:302:8:304:Infinity:undefined:undefined:undefined:undefined":63,"s:302:8:304:Infinity":159,"s:303:10:303:Infinity":160,"s:304:10:304:Infinity":161,"b:306:8:308:Infinity:undefined:undefined:undefined:undefined":64,"s:306:8:308:Infinity":162,"s:307:10:307:Infinity":163,"s:308:10:308:Infinity":164,"s:310:8:310:Infinity":165,"s:312:8:312:Infinity":166,"s:313:8:313:Infinity":167,"s:318:29:318:Infinity":168,"b:318:29:318:59:318:59:318:Infinity":65,"b:319:4:327:Infinity:undefined:undefined:undefined:undefined":66,"s:319:4:327:Infinity":169,"b:320:6:320:Infinity:321:6:321:Infinity:322:6:322:Infinity:323:6:323:Infinity:324:6:324:Infinity":67,"s:326:6:326:Infinity":170,"s:327:6:327:Infinity":171,"s:330:16:330:40":172,"s:331:51:338:Infinity":173,"b:340:4:341:Infinity:undefined:undefined:undefined:undefined":68,"s:340:4:341:Infinity":174,"s:341:6:341:Infinity":175,"s:344:4:344:Infinity":176,"s:346:4:346:Infinity":177,"s:348:4:348:Infinity":178,"s:349:4:349:Infinity":179,"f:353:22:353:33":4,"s:354:2:400:Infinity":180,"s:355:20:355:50":181,"s:357:30:357:Infinity":182,"s:359:19:359:61":183,"b:361:4:367:Infinity:undefined:undefined:undefined:undefined":69,"s:361:4:367:Infinity":184,"b:362:6:364:Infinity:undefined:undefined:undefined:undefined":70,"s:362:6:364:Infinity":185,"s:363:8:363:Infinity":186,"s:364:8:364:Infinity":187,"s:366:6:366:Infinity":188,"s:367:6:367:Infinity":189,"s:370:20:370:85":190,"s:371:21:371:40":191,"b:373:4:375:Infinity:undefined:undefined:undefined:undefined":71,"s:373:4:375:Infinity":192,"s:374:6:374:Infinity":193,"s:375:6:375:Infinity":194,"s:378:17:378:32":195,"b:379:4:381:Infinity:undefined:undefined:undefined:undefined":72,"s:379:4:381:Infinity":196,"s:380:6:380:Infinity":197,"s:381:6:381:Infinity":198,"s:384:21:384:Infinity":199,"s:385:22:385:Infinity":200,"b:385:22:385:43:385:43:385:64:385:64:385:Infinity":73,"b:386:4:388:Infinity:undefined:undefined:undefined:undefined":74,"s:386:4:388:Infinity":201,"s:387:6:387:Infinity":202,"s:388:6:388:Infinity":203,"s:391:16:391:40":204,"s:392:4:395:Infinity":205,"s:397:4:397:Infinity":206,"s:399:4:399:Infinity":207,"s:400:4:400:Infinity":208}}}
,"D:\\Proyectos VS CODE\\Cielo_Estrellado\\Cielo-Estrellado-v3\\functions\\src\\handlers\\userSync.ts": {"path":"D:\\Proyectos VS CODE\\Cielo_Estrellado\\Cielo-Estrellado-v3\\functions\\src\\handlers\\userSync.ts","statementMap":{"0":{"start":{"line":9,"column":2},"end":{"line":113,"column":null}},"1":{"start":{"line":10,"column":20},"end":{"line":10,"column":50}},"2":{"start":{"line":11,"column":25},"end":{"line":11,"column":56}},"3":{"start":{"line":12,"column":16},"end":{"line":12,"column":40}},"4":{"start":{"line":14,"column":20},"end":{"line":14,"column":59}},"5":{"start":{"line":15,"column":21},"end":{"line":15,"column":40}},"6":{"start":{"line":17,"column":41},"end":{"line":24,"column":null}},"7":{"start":{"line":26,"column":4},"end":{"line":107,"column":null}},"8":{"start":{"line":27,"column":22},"end":{"line":27,"column":37}},"9":{"start":{"line":28,"column":23},"end":{"line":28,"column":null}},"10":{"start":{"line":31,"column":8},"end":{"line":35,"column":null}},"11":{"start":{"line":37,"column":6},"end":{"line":44,"column":null}},"12":{"start":{"line":41,"column":80},"end":{"line":41,"column":93}},"13":{"start":{"line":46,"column":21},"end":{"line":46,"column":null}},"14":{"start":{"line":48,"column":6},"end":{"line":77,"column":null}},"15":{"start":{"line":49,"column":26},"end":{"line":49,"column":56}},"16":{"start":{"line":50,"column":26},"end":{"line":50,"column":42}},"17":{"start":{"line":52,"column":8},"end":{"line":75,"column":null}},"18":{"start":{"line":53,"column":28},"end":{"line":58,"column":18}},"19":{"start":{"line":60,"column":10},"end":{"line":74,"column":null}},"20":{"start":{"line":75,"column":10},"end":{"line":75,"column":null}},"21":{"start":{"line":79,"column":6},"end":{"line":80,"column":null}},"22":{"start":{"line":80,"column":8},"end":{"line":80,"column":null}},"23":{"start":{"line":83,"column":34},"end":{"line":104,"column":null}},"24":{"start":{"line":87,"column":80},"end":{"line":87,"column":93}},"25":{"start":{"line":106,"column":6},"end":{"line":106,"column":null}},"26":{"start":{"line":107,"column":6},"end":{"line":107,"column":null}},"27":{"start":{"line":110,"column":4},"end":{"line":110,"column":null}},"28":{"start":{"line":112,"column":4},"end":{"line":112,"column":null}},"29":{"start":{"line":113,"column":4},"end":{"line":113,"column":null}}},"fnMap":{"0":{"name":"userSync","decl":{"start":{"line":8,"column":22},"end":{"line":8,"column":31}},"loc":{"start":{"line":8,"column":75},"end":{"line":113,"column":null}},"line":8},"1":{"name":"(anonymous_1)","decl":{"start":{"line":41,"column":45},"end":{"line":41,"column":50}},"loc":{"start":{"line":41,"column":80},"end":{"line":41,"column":93}},"line":41},"2":{"name":"(anonymous_2)","decl":{"start":{"line":48,"column":30},"end":{"line":48,"column":37}},"loc":{"start":{"line":48,"column":53},"end":{"line":77,"column":null}},"line":48},"3":{"name":"(anonymous_3)","decl":{"start":{"line":87,"column":45},"end":{"line":87,"column":50}},"loc":{"start":{"line":87,"column":80},"end":{"line":87,"column":93}},"line":87}},"branchMap":{"0":{"loc":{"start":{"line":26,"column":4},"end":{"line":107,"column":null}},"type":"if","locations":[{"start":{"line":26,"column":4},"end":{"line":107,"column":null}},{"start":{"line":82,"column":11},"end":{"line":107,"column":null}}],"line":26},"1":{"loc":{"start":{"line":31,"column":8},"end":{"line":35,"column":null}},"type":"cond-expr","locations":[{"start":{"line":32,"column":12},"end":{"line":32,"column":null}},{"start":{"line":33,"column":12},"end":{"line":35,"column":null}}],"line":31},"2":{"loc":{"start":{"line":33,"column":12},"end":{"line":35,"column":null}},"type":"cond-expr","locations":[{"start":{"line":34,"column":14},"end":{"line":34,"column":null}},{"start":{"line":35,"column":14},"end":{"line":35,"column":null}}],"line":33},"3":{"loc":{"start":{"line":38,"column":15},"end":{"line":38,"column":null}},"type":"binary-expr","locations":[{"start":{"line":38,"column":15},"end":{"line":38,"column":37}},{"start":{"line":38,"column":37},"end":{"line":38,"column":null}}],"line":38},"4":{"loc":{"start":{"line":39,"column":21},"end":{"line":39,"column":null}},"type":"binary-expr","locations":[{"start":{"line":39,"column":21},"end":{"line":39,"column":49}},{"start":{"line":39,"column":49},"end":{"line":39,"column":null}}],"line":39},"5":{"loc":{"start":{"line":40,"column":18},"end":{"line":40,"column":null}},"type":"binary-expr","locations":[{"start":{"line":40,"column":18},"end":{"line":40,"column":43}},{"start":{"line":40,"column":43},"end":{"line":40,"column":null}}],"line":40},"6":{"loc":{"start":{"line":52,"column":8},"end":{"line":75,"column":null}},"type":"if","locations":[{"start":{"line":52,"column":8},"end":{"line":75,"column":null}},{"start":{},"end":{}}],"line":52},"7":{"loc":{"start":{"line":79,"column":6},"end":{"line":80,"column":null}},"type":"if","locations":[{"start":{"line":79,"column":6},"end":{"line":80,"column":null}},{"start":{},"end":{}}],"line":79},"8":{"loc":{"start":{"line":84,"column":21},"end":{"line":84,"column":null}},"type":"binary-expr","locations":[{"start":{"line":84,"column":21},"end":{"line":84,"column":49}},{"start":{"line":84,"column":49},"end":{"line":84,"column":null}}],"line":84},"9":{"loc":{"start":{"line":85,"column":15},"end":{"line":85,"column":null}},"type":"binary-expr","locations":[{"start":{"line":85,"column":15},"end":{"line":85,"column":37}},{"start":{"line":85,"column":37},"end":{"line":85,"column":null}}],"line":85},"10":{"loc":{"start":{"line":86,"column":18},"end":{"line":86,"column":null}},"type":"binary-expr","locations":[{"start":{"line":86,"column":18},"end":{"line":86,"column":43}},{"start":{"line":86,"column":43},"end":{"line":86,"column":null}}],"line":86},"11":{"loc":{"start":{"line":88,"column":25},"end":{"line":88,"column":null}},"type":"cond-expr","locations":[{"start":{"line":88,"column":54},"end":{"line":88,"column":60}},{"start":{"line":88,"column":60},"end":{"line":88,"column":null}}],"line":88}},"s":{"0":5,"1":5,"2":5,"3":5,"4":5,"5":5,"6":5,"7":5,"8":4,"9":4,"10":4,"11":4,"12":4,"13":4,"14":4,"15":4,"16":4,"17":4,"18":2,"19":2,"20":2,"21":4,"22":2,"23":1,"24":1,"25":1,"26":1,"27":5,"28":0,"29":0},"f":{"0":5,"1":4,"2":4,"3":1},"b":{"0":[4,1],"1":[1,3],"2":[3,0],"3":[4,0],"4":[4,0],"5":[4,4],"6":[2,2],"7":[2,2],"8":[1,0],"9":[1,0],"10":[1,1],"11":[1,0]},"meta":{"lastBranch":12,"lastFunction":4,"lastStatement":30,"seen":{"f:8:22:8:31":0,"s:9:2:113:Infinity":0,"s:10:20:10:50":1,"s:11:25:11:56":2,"s:12:16:12:40":3,"s:14:20:14:59":4,"s:15:21:15:40":5,"s:17:41:24:Infinity":6,"b:26:4:107:Infinity:82:11:107:Infinity":0,"s:26:4:107:Infinity":7,"s:27:22:27:37":8,"s:28:23:28:Infinity":9,"s:31:8:35:Infinity":10,"b:32:12:32:Infinity:33:12:35:Infinity":1,"b:34:14:34:Infinity:35:14:35:Infinity":2,"s:37:6:44:Infinity":11,"b:38:15:38:37:38:37:38:Infinity":3,"b:39:21:39:49:39:49:39:Infinity":4,"b:40:18:40:43:40:43:40:Infinity":5,"f:41:45:41:50":1,"s:41:80:41:93":12,"s:46:21:46:Infinity":13,"s:48:6:77:Infinity":14,"f:48:30:48:37":2,"s:49:26:49:56":15,"s:50:26:50:42":16,"b:52:8:75:Infinity:undefined:undefined:undefined:undefined":6,"s:52:8:75:Infinity":17,"s:53:28:58:18":18,"s:60:10:74:Infinity":19,"s:75:10:75:Infinity":20,"b:79:6:80:Infinity:undefined:undefined:undefined:undefined":7,"s:79:6:80:Infinity":21,"s:80:8:80:Infinity":22,"s:83:34:104:Infinity":23,"b:84:21:84:49:84:49:84:Infinity":8,"b:85:15:85:37:85:37:85:Infinity":9,"b:86:18:86:43:86:43:86:Infinity":10,"f:87:45:87:50":3,"s:87:80:87:93":24,"b:88:54:88:60:88:60:88:Infinity":11,"s:106:6:106:Infinity":25,"s:107:6:107:Infinity":26,"s:110:4:110:Infinity":27,"s:112:4:112:Infinity":28,"s:113:4:113:Infinity":29}}}
}
